<?xml version="1.0" encoding="UTF-8"?>
<testsuite xmlns:xsi="http://www.w3.org/2001/XMLSchema-instance" xsi:noNamespaceSchemaLocation="https://maven.apache.org/surefire/maven-surefire-plugin/xsd/surefire-test-report-3.0.xsd" version="3.0" name="io.camunda.community.connector.script.WorkflowTest" time="4.699" tests="3" errors="0" skipped="2" failures="0">
  <properties>
    <property name="idea.io.use.nio2" value="true"/>
    <property name="java.specification.version" value="21"/>
    <property name="sun.jnu.encoding" value="UTF-8"/>
    <property name="java.class.path" value="/Users/jonathanlukas/git/camunda/zeebe-script-worker/connector/target/test-classes:/Users/jonathanlukas/git/camunda/zeebe-script-worker/connector/target/classes:/Users/jonathanlukas/.m2/repository/io/camunda/connector/connector-core/8.3.0/connector-core-8.3.0.jar:/Users/jonathanlukas/.m2/repository/org/slf4j/slf4j-api/2.0.9/slf4j-api-2.0.9.jar:/Users/jonathanlukas/.m2/repository/com/fasterxml/jackson/core/jackson-databind/2.15.3/jackson-databind-2.15.3.jar:/Users/jonathanlukas/.m2/repository/com/fasterxml/jackson/core/jackson-annotations/2.15.3/jackson-annotations-2.15.3.jar:/Users/jonathanlukas/.m2/repository/com/fasterxml/jackson/core/jackson-core/2.15.3/jackson-core-2.15.3.jar:/Users/jonathanlukas/.m2/repository/com/samskivert/jmustache/1.15/jmustache-1.15.jar:/Users/jonathanlukas/.m2/repository/org/codehaus/groovy/groovy-all/2.4.21/groovy-all-2.4.21.jar:/Users/jonathanlukas/.m2/repository/org/graalvm/js/js/23.0.2/js-23.0.2.jar:/Users/jonathanlukas/.m2/repository/org/graalvm/regex/regex/23.0.2/regex-23.0.2.jar:/Users/jonathanlukas/.m2/repository/org/graalvm/truffle/truffle-api/23.0.2/truffle-api-23.0.2.jar:/Users/jonathanlukas/.m2/repository/org/graalvm/sdk/graal-sdk/23.0.2/graal-sdk-23.0.2.jar:/Users/jonathanlukas/.m2/repository/com/ibm/icu/icu4j/72.1/icu4j-72.1.jar:/Users/jonathanlukas/.m2/repository/org/graalvm/js/js-scriptengine/23.0.2/js-scriptengine-23.0.2.jar:/Users/jonathanlukas/.m2/repository/org/jetbrains/kotlin/kotlin-scripting-jsr223/1.8.21/kotlin-scripting-jsr223-1.8.21.jar:/Users/jonathanlukas/.m2/repository/org/jetbrains/kotlin/kotlin-script-runtime/1.8.21/kotlin-script-runtime-1.8.21.jar:/Users/jonathanlukas/.m2/repository/org/jetbrains/kotlin/kotlin-stdlib/1.8.21/kotlin-stdlib-1.8.21.jar:/Users/jonathanlukas/.m2/repository/org/jetbrains/kotlin/kotlin-stdlib-common/1.8.21/kotlin-stdlib-common-1.8.21.jar:/Users/jonathanlukas/.m2/repository/org/jetbrains/annotations/13.0/annotations-13.0.jar:/Users/jonathanlukas/.m2/repository/org/jetbrains/kotlin/kotlin-scripting-common/1.8.21/kotlin-scripting-common-1.8.21.jar:/Users/jonathanlukas/.m2/repository/org/jetbrains/kotlin/kotlin-scripting-jvm/1.8.21/kotlin-scripting-jvm-1.8.21.jar:/Users/jonathanlukas/.m2/repository/org/jetbrains/kotlin/kotlin-scripting-jvm-host/1.8.21/kotlin-scripting-jvm-host-1.8.21.jar:/Users/jonathanlukas/.m2/repository/org/jetbrains/kotlin/kotlin-compiler-embeddable/1.8.21/kotlin-compiler-embeddable-1.8.21.jar:/Users/jonathanlukas/.m2/repository/org/jetbrains/kotlin/kotlin-reflect/1.8.21/kotlin-reflect-1.8.21.jar:/Users/jonathanlukas/.m2/repository/org/jetbrains/kotlin/kotlin-daemon-embeddable/1.8.21/kotlin-daemon-embeddable-1.8.21.jar:/Users/jonathanlukas/.m2/repository/org/jetbrains/intellij/deps/trove4j/1.0.20200330/trove4j-1.0.20200330.jar:/Users/jonathanlukas/.m2/repository/net/java/dev/jna/jna/5.6.0/jna-5.6.0.jar:/Users/jonathanlukas/.m2/repository/org/jetbrains/kotlin/kotlin-scripting-compiler-embeddable/1.8.21/kotlin-scripting-compiler-embeddable-1.8.21.jar:/Users/jonathanlukas/.m2/repository/org/jetbrains/kotlin/kotlin-scripting-compiler-impl-embeddable/1.8.21/kotlin-scripting-compiler-impl-embeddable-1.8.21.jar:/Users/jonathanlukas/.m2/repository/org/springframework/boot/spring-boot-starter-test/3.1.5/spring-boot-starter-test-3.1.5.jar:/Users/jonathanlukas/.m2/repository/org/springframework/boot/spring-boot-starter/3.1.5/spring-boot-starter-3.1.5.jar:/Users/jonathanlukas/.m2/repository/org/springframework/boot/spring-boot/3.1.5/spring-boot-3.1.5.jar:/Users/jonathanlukas/.m2/repository/org/springframework/spring-context/6.0.13/spring-context-6.0.13.jar:/Users/jonathanlukas/.m2/repository/org/springframework/boot/spring-boot-autoconfigure/3.1.5/spring-boot-autoconfigure-3.1.5.jar:/Users/jonathanlukas/.m2/repository/org/springframework/boot/spring-boot-starter-logging/3.1.5/spring-boot-starter-logging-3.1.5.jar:/Users/jonathanlukas/.m2/repository/ch/qos/logback/logback-classic/1.4.11/logback-classic-1.4.11.jar:/Users/jonathanlukas/.m2/repository/ch/qos/logback/logback-core/1.4.11/logback-core-1.4.11.jar:/Users/jonathanlukas/.m2/repository/org/apache/logging/log4j/log4j-to-slf4j/2.20.0/log4j-to-slf4j-2.20.0.jar:/Users/jonathanlukas/.m2/repository/org/apache/logging/log4j/log4j-api/2.20.0/log4j-api-2.20.0.jar:/Users/jonathanlukas/.m2/repository/org/slf4j/jul-to-slf4j/2.0.9/jul-to-slf4j-2.0.9.jar:/Users/jonathanlukas/.m2/repository/jakarta/annotation/jakarta.annotation-api/2.1.1/jakarta.annotation-api-2.1.1.jar:/Users/jonathanlukas/.m2/repository/org/yaml/snakeyaml/1.33/snakeyaml-1.33.jar:/Users/jonathanlukas/.m2/repository/org/springframework/boot/spring-boot-test/3.1.5/spring-boot-test-3.1.5.jar:/Users/jonathanlukas/.m2/repository/org/springframework/boot/spring-boot-test-autoconfigure/3.1.5/spring-boot-test-autoconfigure-3.1.5.jar:/Users/jonathanlukas/.m2/repository/com/jayway/jsonpath/json-path/2.8.0/json-path-2.8.0.jar:/Users/jonathanlukas/.m2/repository/jakarta/xml/bind/jakarta.xml.bind-api/4.0.1/jakarta.xml.bind-api-4.0.1.jar:/Users/jonathanlukas/.m2/repository/jakarta/activation/jakarta.activation-api/2.1.2/jakarta.activation-api-2.1.2.jar:/Users/jonathanlukas/.m2/repository/net/minidev/json-smart/2.4.11/json-smart-2.4.11.jar:/Users/jonathanlukas/.m2/repository/net/minidev/accessors-smart/2.4.11/accessors-smart-2.4.11.jar:/Users/jonathanlukas/.m2/repository/org/ow2/asm/asm/9.3/asm-9.3.jar:/Users/jonathanlukas/.m2/repository/org/hamcrest/hamcrest/2.2/hamcrest-2.2.jar:/Users/jonathanlukas/.m2/repository/org/mockito/mockito-core/5.3.1/mockito-core-5.3.1.jar:/Users/jonathanlukas/.m2/repository/net/bytebuddy/byte-buddy-agent/1.14.9/byte-buddy-agent-1.14.9.jar:/Users/jonathanlukas/.m2/repository/org/objenesis/objenesis/3.3/objenesis-3.3.jar:/Users/jonathanlukas/.m2/repository/org/mockito/mockito-junit-jupiter/5.3.1/mockito-junit-jupiter-5.3.1.jar:/Users/jonathanlukas/.m2/repository/org/skyscreamer/jsonassert/1.5.1/jsonassert-1.5.1.jar:/Users/jonathanlukas/.m2/repository/com/vaadin/external/google/android-json/0.0.20131108.vaadin1/android-json-0.0.20131108.vaadin1.jar:/Users/jonathanlukas/.m2/repository/org/springframework/spring-core/6.0.13/spring-core-6.0.13.jar:/Users/jonathanlukas/.m2/repository/org/springframework/spring-jcl/6.0.13/spring-jcl-6.0.13.jar:/Users/jonathanlukas/.m2/repository/org/springframework/spring-test/6.0.13/spring-test-6.0.13.jar:/Users/jonathanlukas/.m2/repository/org/xmlunit/xmlunit-core/2.9.1/xmlunit-core-2.9.1.jar:/Users/jonathanlukas/.m2/repository/org/junit/jupiter/junit-jupiter/5.9.3/junit-jupiter-5.9.3.jar:/Users/jonathanlukas/.m2/repository/org/junit/jupiter/junit-jupiter-api/5.9.3/junit-jupiter-api-5.9.3.jar:/Users/jonathanlukas/.m2/repository/org/opentest4j/opentest4j/1.2.0/opentest4j-1.2.0.jar:/Users/jonathanlukas/.m2/repository/org/junit/platform/junit-platform-commons/1.9.3/junit-platform-commons-1.9.3.jar:/Users/jonathanlukas/.m2/repository/org/apiguardian/apiguardian-api/1.1.2/apiguardian-api-1.1.2.jar:/Users/jonathanlukas/.m2/repository/org/junit/jupiter/junit-jupiter-params/5.9.3/junit-jupiter-params-5.9.3.jar:/Users/jonathanlukas/.m2/repository/org/junit/jupiter/junit-jupiter-engine/5.9.3/junit-jupiter-engine-5.9.3.jar:/Users/jonathanlukas/.m2/repository/org/junit/platform/junit-platform-engine/1.9.3/junit-platform-engine-1.9.3.jar:/Users/jonathanlukas/.m2/repository/org/assertj/assertj-core/3.24.2/assertj-core-3.24.2.jar:/Users/jonathanlukas/.m2/repository/net/bytebuddy/byte-buddy/1.14.9/byte-buddy-1.14.9.jar:/Users/jonathanlukas/.m2/repository/io/camunda/spring/spring-boot-starter-camunda-test/8.3.0/spring-boot-starter-camunda-test-8.3.0.jar:/Users/jonathanlukas/.m2/repository/io/camunda/spring/spring-boot-starter-camunda-test-common/8.3.0/spring-boot-starter-camunda-test-common-8.3.0.jar:/Users/jonathanlukas/.m2/repository/org/awaitility/awaitility/4.2.0/awaitility-4.2.0.jar:/Users/jonathanlukas/.m2/repository/io/camunda/zeebe-process-test-extension/8.3.0/zeebe-process-test-extension-8.3.0.jar:/Users/jonathanlukas/.m2/repository/io/camunda/zeebe-process-test-engine/8.3.0/zeebe-process-test-engine-8.3.0.jar:/Users/jonathanlukas/.m2/repository/io/camunda/zeebe-workflow-engine/8.3.0/zeebe-workflow-engine-8.3.0.jar:/Users/jonathanlukas/.m2/repository/io/camunda/zeebe-stream-platform/8.3.0/zeebe-stream-platform-8.3.0.jar:/Users/jonathanlukas/.m2/repository/io/camunda/zeebe-scheduler/8.3.0/zeebe-scheduler-8.3.0.jar:/Users/jonathanlukas/.m2/repository/io/camunda/zeebe-msgpack-core/8.3.0/zeebe-msgpack-core-8.3.0.jar:/Users/jonathanlukas/.m2/repository/io/camunda/zeebe-expression-language/8.3.0/zeebe-expression-language-8.3.0.jar:/Users/jonathanlukas/.m2/repository/io/camunda/zeebe-feel-integration/8.3.0/zeebe-feel-integration-8.3.0.jar:/Users/jonathanlukas/.m2/repository/org/scala-lang/scala-library/2.13.12/scala-library-2.13.12.jar:/Users/jonathanlukas/.m2/repository/io/camunda/zeebe-dmn/8.3.0/zeebe-dmn-8.3.0.jar:/Users/jonathanlukas/.m2/repository/org/camunda/bpm/extension/dmn/scala/dmn-engine/1.9.0/dmn-engine-1.9.0.jar:/Users/jonathanlukas/.m2/repository/org/camunda/bpm/model/camunda-dmn-model/7.19.0/camunda-dmn-model-7.19.0.jar:/Users/jonathanlukas/.m2/repository/io/camunda/zeebe-auth/8.3.0/zeebe-auth-8.3.0.jar:/Users/jonathanlukas/.m2/repository/com/auth0/java-jwt/4.4.0/java-jwt-4.4.0.jar:/Users/jonathanlukas/.m2/repository/io/prometheus/simpleclient/0.16.0/simpleclient-0.16.0.jar:/Users/jonathanlukas/.m2/repository/io/prometheus/simpleclient_tracer_otel/0.16.0/simpleclient_tracer_otel-0.16.0.jar:/Users/jonathanlukas/.m2/repository/io/prometheus/simpleclient_tracer_common/0.16.0/simpleclient_tracer_common-0.16.0.jar:/Users/jonathanlukas/.m2/repository/io/prometheus/simpleclient_tracer_otel_agent/0.16.0/simpleclient_tracer_otel_agent-0.16.0.jar:/Users/jonathanlukas/.m2/repository/org/apache/commons/commons-text/1.10.0/commons-text-1.10.0.jar:/Users/jonathanlukas/.m2/repository/org/apache/commons/commons-lang3/3.12.0/commons-lang3-3.12.0.jar:/Users/jonathanlukas/.m2/repository/com/cronutils/cron-utils/9.2.1/cron-utils-9.2.1.jar:/Users/jonathanlukas/.m2/repository/com/google/guava/guava/32.1.2-jre/guava-32.1.2-jre.jar:/Users/jonathanlukas/.m2/repository/com/google/guava/failureaccess/1.0.1/failureaccess-1.0.1.jar:/Users/jonathanlukas/.m2/repository/com/google/guava/listenablefuture/9999.0-empty-to-avoid-conflict-with-guava/listenablefuture-9999.0-empty-to-avoid-conflict-with-guava.jar:/Users/jonathanlukas/.m2/repository/org/checkerframework/checker-qual/3.33.0/checker-qual-3.33.0.jar:/Users/jonathanlukas/.m2/repository/com/google/j2objc/j2objc-annotations/2.8/j2objc-annotations-2.8.jar:/Users/jonathanlukas/.m2/repository/org/camunda/feel/feel-engine/1.17.0/feel-engine-1.17.0.jar:/Users/jonathanlukas/.m2/repository/com/lihaoyi/fastparse_2.13/3.0.2/fastparse_2.13-3.0.2.jar:/Users/jonathanlukas/.m2/repository/com/lihaoyi/sourcecode_2.13/0.3.0/sourcecode_2.13-0.3.0.jar:/Users/jonathanlukas/.m2/repository/com/lihaoyi/geny_2.13/1.0.0/geny_2.13-1.0.0.jar:/Users/jonathanlukas/.m2/repository/io/camunda/zeebe-util/8.3.0/zeebe-util-8.3.0.jar:/Users/jonathanlukas/.m2/repository/org/apache/logging/log4j/log4j-core/2.20.0/log4j-core-2.20.0.jar:/Users/jonathanlukas/.m2/repository/io/camunda/zeebe-logstreams/8.3.0/zeebe-logstreams-8.3.0.jar:/Users/jonathanlukas/.m2/repository/com/netflix/concurrency-limits/concurrency-limits-core/0.4.0/concurrency-limits-core-0.4.0.jar:/Users/jonathanlukas/.m2/repository/io/camunda/zeebe-msgpack-value/8.3.0/zeebe-msgpack-value-8.3.0.jar:/Users/jonathanlukas/.m2/repository/io/camunda/zeebe-protocol/8.3.0/zeebe-protocol-8.3.0.jar:/Users/jonathanlukas/.m2/repository/io/camunda/zeebe-protocol-impl/8.3.0/zeebe-protocol-impl-8.3.0.jar:/Users/jonathanlukas/.m2/repository/org/msgpack/jackson-dataformat-msgpack/0.9.6/jackson-dataformat-msgpack-0.9.6.jar:/Users/jonathanlukas/.m2/repository/org/msgpack/msgpack-core/0.9.6/msgpack-core-0.9.6.jar:/Users/jonathanlukas/.m2/repository/io/camunda/zeebe-db/8.3.0/zeebe-db-8.3.0.jar:/Users/jonathanlukas/.m2/repository/org/rocksdb/rocksdbjni/8.5.3/rocksdbjni-8.5.3.jar:/Users/jonathanlukas/.m2/repository/com/google/api/grpc/proto-google-common-protos/2.25.1/proto-google-common-protos-2.25.1.jar:/Users/jonathanlukas/.m2/repository/org/agrona/agrona/1.19.2/agrona-1.19.2.jar:/Users/jonathanlukas/.m2/repository/com/google/protobuf/protobuf-java/3.24.3/protobuf-java-3.24.3.jar:/Users/jonathanlukas/.m2/repository/io/grpc/grpc-protobuf/1.58.0/grpc-protobuf-1.58.0.jar:/Users/jonathanlukas/.m2/repository/com/google/code/findbugs/jsr305/3.0.2/jsr305-3.0.2.jar:/Users/jonathanlukas/.m2/repository/io/grpc/grpc-protobuf-lite/1.58.0/grpc-protobuf-lite-1.58.0.jar:/Users/jonathanlukas/.m2/repository/io/grpc/grpc-api/1.58.0/grpc-api-1.58.0.jar:/Users/jonathanlukas/.m2/repository/com/google/errorprone/error_prone_annotations/2.20.0/error_prone_annotations-2.20.0.jar:/Users/jonathanlukas/.m2/repository/io/camunda/zeebe-gateway-protocol-impl/8.3.0/zeebe-gateway-protocol-impl-8.3.0.jar:/Users/jonathanlukas/.m2/repository/io/grpc/grpc-stub/1.58.0/grpc-stub-1.58.0.jar:/Users/jonathanlukas/.m2/repository/io/camunda/zeebe-process-test-assertions/8.3.0/zeebe-process-test-assertions-8.3.0.jar:/Users/jonathanlukas/.m2/repository/org/camunda/bpm/model/camunda-xml-model/7.19.0/camunda-xml-model-7.19.0.jar:/Users/jonathanlukas/.m2/repository/io/camunda/zeebe-bpmn-model/8.3.0/zeebe-bpmn-model-8.3.0.jar:/Users/jonathanlukas/.m2/repository/io/camunda/zeebe-client-java/8.3.0/zeebe-client-java-8.3.0.jar:/Users/jonathanlukas/.m2/repository/io/grpc/grpc-core/1.58.0/grpc-core-1.58.0.jar:/Users/jonathanlukas/.m2/repository/com/google/code/gson/gson/2.10.1/gson-2.10.1.jar:/Users/jonathanlukas/.m2/repository/com/google/android/annotations/4.1.1.4/annotations-4.1.1.4.jar:/Users/jonathanlukas/.m2/repository/org/codehaus/mojo/animal-sniffer-annotations/1.23/animal-sniffer-annotations-1.23.jar:/Users/jonathanlukas/.m2/repository/io/perfmark/perfmark-api/0.26.0/perfmark-api-0.26.0.jar:/Users/jonathanlukas/.m2/repository/io/grpc/grpc-context/1.58.0/grpc-context-1.58.0.jar:/Users/jonathanlukas/.m2/repository/io/grpc/grpc-netty/1.58.0/grpc-netty-1.58.0.jar:/Users/jonathanlukas/.m2/repository/io/netty/netty-codec-http2/4.1.100.Final/netty-codec-http2-4.1.100.Final.jar:/Users/jonathanlukas/.m2/repository/io/netty/netty-codec-http/4.1.100.Final/netty-codec-http-4.1.100.Final.jar:/Users/jonathanlukas/.m2/repository/io/netty/netty-handler-proxy/4.1.100.Final/netty-handler-proxy-4.1.100.Final.jar:/Users/jonathanlukas/.m2/repository/io/netty/netty-codec-socks/4.1.100.Final/netty-codec-socks-4.1.100.Final.jar:/Users/jonathanlukas/.m2/repository/io/netty/netty-transport-native-unix-common/4.1.100.Final/netty-transport-native-unix-common-4.1.100.Final.jar:/Users/jonathanlukas/.m2/repository/io/grpc/grpc-util/1.58.0/grpc-util-1.58.0.jar:/Users/jonathanlukas/.m2/repository/io/netty/netty-tcnative-boringssl-static/2.0.61.Final/netty-tcnative-boringssl-static-2.0.61.Final.jar:/Users/jonathanlukas/.m2/repository/io/netty/netty-tcnative-classes/2.0.61.Final/netty-tcnative-classes-2.0.61.Final.jar:/Users/jonathanlukas/.m2/repository/io/netty/netty-tcnative-boringssl-static/2.0.61.Final/netty-tcnative-boringssl-static-2.0.61.Final-linux-x86_64.jar:/Users/jonathanlukas/.m2/repository/io/netty/netty-tcnative-boringssl-static/2.0.61.Final/netty-tcnative-boringssl-static-2.0.61.Final-linux-aarch_64.jar:/Users/jonathanlukas/.m2/repository/io/netty/netty-tcnative-boringssl-static/2.0.61.Final/netty-tcnative-boringssl-static-2.0.61.Final-osx-x86_64.jar:/Users/jonathanlukas/.m2/repository/io/netty/netty-tcnative-boringssl-static/2.0.61.Final/netty-tcnative-boringssl-static-2.0.61.Final-osx-aarch_64.jar:/Users/jonathanlukas/.m2/repository/io/netty/netty-tcnative-boringssl-static/2.0.61.Final/netty-tcnative-boringssl-static-2.0.61.Final-windows-x86_64.jar:/Users/jonathanlukas/.m2/repository/io/netty/netty-handler/4.1.100.Final/netty-handler-4.1.100.Final.jar:/Users/jonathanlukas/.m2/repository/io/netty/netty-resolver/4.1.100.Final/netty-resolver-4.1.100.Final.jar:/Users/jonathanlukas/.m2/repository/io/netty/netty-buffer/4.1.100.Final/netty-buffer-4.1.100.Final.jar:/Users/jonathanlukas/.m2/repository/io/netty/netty-transport/4.1.100.Final/netty-transport-4.1.100.Final.jar:/Users/jonathanlukas/.m2/repository/io/netty/netty-codec/4.1.100.Final/netty-codec-4.1.100.Final.jar:/Users/jonathanlukas/.m2/repository/io/netty/netty-common/4.1.100.Final/netty-common-4.1.100.Final.jar:/Users/jonathanlukas/.m2/repository/com/fasterxml/jackson/dataformat/jackson-dataformat-yaml/2.15.3/jackson-dataformat-yaml-2.15.3.jar:/Users/jonathanlukas/.m2/repository/io/camunda/zeebe-process-test-filters/8.3.0/zeebe-process-test-filters-8.3.0.jar:/Users/jonathanlukas/.m2/repository/io/camunda/zeebe-process-test-api/8.3.0/zeebe-process-test-api-8.3.0.jar:/Users/jonathanlukas/.m2/repository/io/camunda/connector/spring-boot-starter-camunda-connectors/8.3.0/spring-boot-starter-camunda-connectors-8.3.0.jar:/Users/jonathanlukas/.m2/repository/io/camunda/connector/connector-runtime-spring/8.3.0/connector-runtime-spring-8.3.0.jar:/Users/jonathanlukas/.m2/repository/io/camunda/spring/spring-client-zeebe/8.3.0-rc3/spring-client-zeebe-8.3.0-rc3.jar:/Users/jonathanlukas/.m2/repository/io/camunda/spring/spring-client-common/8.3.0-rc3/spring-client-common-8.3.0-rc3.jar:/Users/jonathanlukas/.m2/repository/io/camunda/spring/spring-client-annotations/8.3.0-rc3/spring-client-annotations-8.3.0-rc3.jar:/Users/jonathanlukas/.m2/repository/commons-beanutils/commons-beanutils/1.9.4/commons-beanutils-1.9.4.jar:/Users/jonathanlukas/.m2/repository/commons-logging/commons-logging/1.2/commons-logging-1.2.jar:/Users/jonathanlukas/.m2/repository/commons-collections/commons-collections/3.2.2/commons-collections-3.2.2.jar:/Users/jonathanlukas/.m2/repository/io/camunda/connector/connector-runtime-core/8.3.0/connector-runtime-core-8.3.0.jar:/Users/jonathanlukas/.m2/repository/io/camunda/connector/jackson-datatype-feel/8.3.0/jackson-datatype-feel-8.3.0.jar:/Users/jonathanlukas/.m2/repository/com/fasterxml/jackson/module/jackson-module-scala_3/2.15.3/jackson-module-scala_3-2.15.3.jar:/Users/jonathanlukas/.m2/repository/org/scala-lang/scala3-library_3/3.2.2/scala3-library_3-3.2.2.jar:/Users/jonathanlukas/.m2/repository/com/thoughtworks/paranamer/paranamer/2.8/paranamer-2.8.jar:/Users/jonathanlukas/.m2/repository/io/camunda/connector/connector-validation/8.3.0/connector-validation-8.3.0.jar:/Users/jonathanlukas/.m2/repository/org/hibernate/validator/hibernate-validator/8.0.1.Final/hibernate-validator-8.0.1.Final.jar:/Users/jonathanlukas/.m2/repository/jakarta/validation/jakarta.validation-api/3.0.2/jakarta.validation-api-3.0.2.jar:/Users/jonathanlukas/.m2/repository/org/jboss/logging/jboss-logging/3.5.3.Final/jboss-logging-3.5.3.Final.jar:/Users/jonathanlukas/.m2/repository/com/fasterxml/classmate/1.5.1/classmate-1.5.1.jar:/Users/jonathanlukas/.m2/repository/io/camunda/spring/spring-boot-starter-camunda/8.3.0-rc3/spring-boot-starter-camunda-8.3.0-rc3.jar:/Users/jonathanlukas/.m2/repository/org/springframework/boot/spring-boot-starter-json/3.1.5/spring-boot-starter-json-3.1.5.jar:/Users/jonathanlukas/.m2/repository/com/fasterxml/jackson/datatype/jackson-datatype-jdk8/2.15.3/jackson-datatype-jdk8-2.15.3.jar:/Users/jonathanlukas/.m2/repository/com/fasterxml/jackson/datatype/jackson-datatype-jsr310/2.15.3/jackson-datatype-jsr310-2.15.3.jar:/Users/jonathanlukas/.m2/repository/com/fasterxml/jackson/module/jackson-module-parameter-names/2.15.3/jackson-module-parameter-names-2.15.3.jar:/Users/jonathanlukas/.m2/repository/io/github/resilience4j/resilience4j-retry/2.1.0/resilience4j-retry-2.1.0.jar:/Users/jonathanlukas/.m2/repository/io/github/resilience4j/resilience4j-core/2.1.0/resilience4j-core-2.1.0.jar:/Users/jonathanlukas/.m2/repository/io/camunda/camunda-operate-client-java/8.3.0/camunda-operate-client-java-8.3.0.jar:/Users/jonathanlukas/.m2/repository/org/apache/httpcomponents/client5/httpclient5/5.2.1/httpclient5-5.2.1.jar:/Users/jonathanlukas/.m2/repository/org/apache/httpcomponents/core5/httpcore5/5.2.3/httpcore5-5.2.3.jar:/Users/jonathanlukas/.m2/repository/org/apache/httpcomponents/core5/httpcore5-h2/5.2.3/httpcore5-h2-5.2.3.jar:/Users/jonathanlukas/.m2/repository/org/apache/httpcomponents/client5/httpclient5-fluent/5.2.1/httpclient5-fluent-5.2.1.jar:/Users/jonathanlukas/.m2/repository/org/springframework/boot/spring-boot-starter-web/3.1.5/spring-boot-starter-web-3.1.5.jar:/Users/jonathanlukas/.m2/repository/org/springframework/boot/spring-boot-starter-tomcat/3.1.5/spring-boot-starter-tomcat-3.1.5.jar:/Users/jonathanlukas/.m2/repository/org/apache/tomcat/embed/tomcat-embed-core/10.1.15/tomcat-embed-core-10.1.15.jar:/Users/jonathanlukas/.m2/repository/org/apache/tomcat/embed/tomcat-embed-el/10.1.15/tomcat-embed-el-10.1.15.jar:/Users/jonathanlukas/.m2/repository/org/apache/tomcat/embed/tomcat-embed-websocket/10.1.15/tomcat-embed-websocket-10.1.15.jar:/Users/jonathanlukas/.m2/repository/org/springframework/spring-web/6.0.13/spring-web-6.0.13.jar:/Users/jonathanlukas/.m2/repository/org/springframework/spring-beans/6.0.13/spring-beans-6.0.13.jar:/Users/jonathanlukas/.m2/repository/org/springframework/spring-webmvc/6.0.13/spring-webmvc-6.0.13.jar:/Users/jonathanlukas/.m2/repository/org/springframework/spring-aop/6.0.13/spring-aop-6.0.13.jar:/Users/jonathanlukas/.m2/repository/org/springframework/spring-expression/6.0.13/spring-expression-6.0.13.jar:/Users/jonathanlukas/.m2/repository/org/springframework/boot/spring-boot-starter-actuator/3.1.5/spring-boot-starter-actuator-3.1.5.jar:/Users/jonathanlukas/.m2/repository/org/springframework/boot/spring-boot-actuator-autoconfigure/3.1.5/spring-boot-actuator-autoconfigure-3.1.5.jar:/Users/jonathanlukas/.m2/repository/org/springframework/boot/spring-boot-actuator/3.1.5/spring-boot-actuator-3.1.5.jar:/Users/jonathanlukas/.m2/repository/io/micrometer/micrometer-observation/1.11.5/micrometer-observation-1.11.5.jar:/Users/jonathanlukas/.m2/repository/io/micrometer/micrometer-commons/1.11.5/micrometer-commons-1.11.5.jar:/Users/jonathanlukas/.m2/repository/io/micrometer/micrometer-core/1.11.5/micrometer-core-1.11.5.jar:/Users/jonathanlukas/.m2/repository/org/hdrhistogram/HdrHistogram/2.1.12/HdrHistogram-2.1.12.jar:/Users/jonathanlukas/.m2/repository/org/latencyutils/LatencyUtils/2.0.3/LatencyUtils-2.0.3.jar:"/>
    <property name="java.vm.vendor" value="Eclipse Adoptium"/>
    <property name="sun.arch.data.model" value="64"/>
    <property name="java.vendor.url" value="https://adoptium.net/"/>
    <property name="user.timezone" value="Europe/Berlin"/>
    <property name="idea.ignore.disabled.plugins" value="true"/>
    <property name="psi.track.invalidation" value="true"/>
    <property name="org.jboss.logging.provider" value="slf4j"/>
    <property name="os.name" value="Mac OS X"/>
    <property name="java.vm.specification.version" value="21"/>
    <property name="sun.java.launcher" value="SUN_STANDARD"/>
    <property name="user.country" value="DE"/>
    <property name="sun.boot.library.path" value="/Library/Java/JavaVirtualMachines/temurin-21.jdk/Contents/Home/lib"/>
    <property name="sun.java.command" value="/Users/jonathanlukas/git/camunda/zeebe-script-worker/connector/target/surefire/surefirebooter-20231027095719362_3.jar /Users/jonathanlukas/git/camunda/zeebe-script-worker/connector/target/surefire 2023-10-27T09-57-19_290-jvmRun1 surefire-20231027095719362_1tmp surefire_0-20231027095719362_2tmp"/>
    <property name="http.nonProxyHosts" value="local|*.local|169.254/16|*.169.254/16"/>
    <property name="jdk.debug" value="release"/>
    <property name="surefire.test.class.path" value="/Users/jonathanlukas/git/camunda/zeebe-script-worker/connector/target/test-classes:/Users/jonathanlukas/git/camunda/zeebe-script-worker/connector/target/classes:/Users/jonathanlukas/.m2/repository/io/camunda/connector/connector-core/8.3.0/connector-core-8.3.0.jar:/Users/jonathanlukas/.m2/repository/org/slf4j/slf4j-api/2.0.9/slf4j-api-2.0.9.jar:/Users/jonathanlukas/.m2/repository/com/fasterxml/jackson/core/jackson-databind/2.15.3/jackson-databind-2.15.3.jar:/Users/jonathanlukas/.m2/repository/com/fasterxml/jackson/core/jackson-annotations/2.15.3/jackson-annotations-2.15.3.jar:/Users/jonathanlukas/.m2/repository/com/fasterxml/jackson/core/jackson-core/2.15.3/jackson-core-2.15.3.jar:/Users/jonathanlukas/.m2/repository/com/samskivert/jmustache/1.15/jmustache-1.15.jar:/Users/jonathanlukas/.m2/repository/org/codehaus/groovy/groovy-all/2.4.21/groovy-all-2.4.21.jar:/Users/jonathanlukas/.m2/repository/org/graalvm/js/js/23.0.2/js-23.0.2.jar:/Users/jonathanlukas/.m2/repository/org/graalvm/regex/regex/23.0.2/regex-23.0.2.jar:/Users/jonathanlukas/.m2/repository/org/graalvm/truffle/truffle-api/23.0.2/truffle-api-23.0.2.jar:/Users/jonathanlukas/.m2/repository/org/graalvm/sdk/graal-sdk/23.0.2/graal-sdk-23.0.2.jar:/Users/jonathanlukas/.m2/repository/com/ibm/icu/icu4j/72.1/icu4j-72.1.jar:/Users/jonathanlukas/.m2/repository/org/graalvm/js/js-scriptengine/23.0.2/js-scriptengine-23.0.2.jar:/Users/jonathanlukas/.m2/repository/org/jetbrains/kotlin/kotlin-scripting-jsr223/1.8.21/kotlin-scripting-jsr223-1.8.21.jar:/Users/jonathanlukas/.m2/repository/org/jetbrains/kotlin/kotlin-script-runtime/1.8.21/kotlin-script-runtime-1.8.21.jar:/Users/jonathanlukas/.m2/repository/org/jetbrains/kotlin/kotlin-stdlib/1.8.21/kotlin-stdlib-1.8.21.jar:/Users/jonathanlukas/.m2/repository/org/jetbrains/kotlin/kotlin-stdlib-common/1.8.21/kotlin-stdlib-common-1.8.21.jar:/Users/jonathanlukas/.m2/repository/org/jetbrains/annotations/13.0/annotations-13.0.jar:/Users/jonathanlukas/.m2/repository/org/jetbrains/kotlin/kotlin-scripting-common/1.8.21/kotlin-scripting-common-1.8.21.jar:/Users/jonathanlukas/.m2/repository/org/jetbrains/kotlin/kotlin-scripting-jvm/1.8.21/kotlin-scripting-jvm-1.8.21.jar:/Users/jonathanlukas/.m2/repository/org/jetbrains/kotlin/kotlin-scripting-jvm-host/1.8.21/kotlin-scripting-jvm-host-1.8.21.jar:/Users/jonathanlukas/.m2/repository/org/jetbrains/kotlin/kotlin-compiler-embeddable/1.8.21/kotlin-compiler-embeddable-1.8.21.jar:/Users/jonathanlukas/.m2/repository/org/jetbrains/kotlin/kotlin-reflect/1.8.21/kotlin-reflect-1.8.21.jar:/Users/jonathanlukas/.m2/repository/org/jetbrains/kotlin/kotlin-daemon-embeddable/1.8.21/kotlin-daemon-embeddable-1.8.21.jar:/Users/jonathanlukas/.m2/repository/org/jetbrains/intellij/deps/trove4j/1.0.20200330/trove4j-1.0.20200330.jar:/Users/jonathanlukas/.m2/repository/net/java/dev/jna/jna/5.6.0/jna-5.6.0.jar:/Users/jonathanlukas/.m2/repository/org/jetbrains/kotlin/kotlin-scripting-compiler-embeddable/1.8.21/kotlin-scripting-compiler-embeddable-1.8.21.jar:/Users/jonathanlukas/.m2/repository/org/jetbrains/kotlin/kotlin-scripting-compiler-impl-embeddable/1.8.21/kotlin-scripting-compiler-impl-embeddable-1.8.21.jar:/Users/jonathanlukas/.m2/repository/org/springframework/boot/spring-boot-starter-test/3.1.5/spring-boot-starter-test-3.1.5.jar:/Users/jonathanlukas/.m2/repository/org/springframework/boot/spring-boot-starter/3.1.5/spring-boot-starter-3.1.5.jar:/Users/jonathanlukas/.m2/repository/org/springframework/boot/spring-boot/3.1.5/spring-boot-3.1.5.jar:/Users/jonathanlukas/.m2/repository/org/springframework/spring-context/6.0.13/spring-context-6.0.13.jar:/Users/jonathanlukas/.m2/repository/org/springframework/boot/spring-boot-autoconfigure/3.1.5/spring-boot-autoconfigure-3.1.5.jar:/Users/jonathanlukas/.m2/repository/org/springframework/boot/spring-boot-starter-logging/3.1.5/spring-boot-starter-logging-3.1.5.jar:/Users/jonathanlukas/.m2/repository/ch/qos/logback/logback-classic/1.4.11/logback-classic-1.4.11.jar:/Users/jonathanlukas/.m2/repository/ch/qos/logback/logback-core/1.4.11/logback-core-1.4.11.jar:/Users/jonathanlukas/.m2/repository/org/apache/logging/log4j/log4j-to-slf4j/2.20.0/log4j-to-slf4j-2.20.0.jar:/Users/jonathanlukas/.m2/repository/org/apache/logging/log4j/log4j-api/2.20.0/log4j-api-2.20.0.jar:/Users/jonathanlukas/.m2/repository/org/slf4j/jul-to-slf4j/2.0.9/jul-to-slf4j-2.0.9.jar:/Users/jonathanlukas/.m2/repository/jakarta/annotation/jakarta.annotation-api/2.1.1/jakarta.annotation-api-2.1.1.jar:/Users/jonathanlukas/.m2/repository/org/yaml/snakeyaml/1.33/snakeyaml-1.33.jar:/Users/jonathanlukas/.m2/repository/org/springframework/boot/spring-boot-test/3.1.5/spring-boot-test-3.1.5.jar:/Users/jonathanlukas/.m2/repository/org/springframework/boot/spring-boot-test-autoconfigure/3.1.5/spring-boot-test-autoconfigure-3.1.5.jar:/Users/jonathanlukas/.m2/repository/com/jayway/jsonpath/json-path/2.8.0/json-path-2.8.0.jar:/Users/jonathanlukas/.m2/repository/jakarta/xml/bind/jakarta.xml.bind-api/4.0.1/jakarta.xml.bind-api-4.0.1.jar:/Users/jonathanlukas/.m2/repository/jakarta/activation/jakarta.activation-api/2.1.2/jakarta.activation-api-2.1.2.jar:/Users/jonathanlukas/.m2/repository/net/minidev/json-smart/2.4.11/json-smart-2.4.11.jar:/Users/jonathanlukas/.m2/repository/net/minidev/accessors-smart/2.4.11/accessors-smart-2.4.11.jar:/Users/jonathanlukas/.m2/repository/org/ow2/asm/asm/9.3/asm-9.3.jar:/Users/jonathanlukas/.m2/repository/org/hamcrest/hamcrest/2.2/hamcrest-2.2.jar:/Users/jonathanlukas/.m2/repository/org/mockito/mockito-core/5.3.1/mockito-core-5.3.1.jar:/Users/jonathanlukas/.m2/repository/net/bytebuddy/byte-buddy-agent/1.14.9/byte-buddy-agent-1.14.9.jar:/Users/jonathanlukas/.m2/repository/org/objenesis/objenesis/3.3/objenesis-3.3.jar:/Users/jonathanlukas/.m2/repository/org/mockito/mockito-junit-jupiter/5.3.1/mockito-junit-jupiter-5.3.1.jar:/Users/jonathanlukas/.m2/repository/org/skyscreamer/jsonassert/1.5.1/jsonassert-1.5.1.jar:/Users/jonathanlukas/.m2/repository/com/vaadin/external/google/android-json/0.0.20131108.vaadin1/android-json-0.0.20131108.vaadin1.jar:/Users/jonathanlukas/.m2/repository/org/springframework/spring-core/6.0.13/spring-core-6.0.13.jar:/Users/jonathanlukas/.m2/repository/org/springframework/spring-jcl/6.0.13/spring-jcl-6.0.13.jar:/Users/jonathanlukas/.m2/repository/org/springframework/spring-test/6.0.13/spring-test-6.0.13.jar:/Users/jonathanlukas/.m2/repository/org/xmlunit/xmlunit-core/2.9.1/xmlunit-core-2.9.1.jar:/Users/jonathanlukas/.m2/repository/org/junit/jupiter/junit-jupiter/5.9.3/junit-jupiter-5.9.3.jar:/Users/jonathanlukas/.m2/repository/org/junit/jupiter/junit-jupiter-api/5.9.3/junit-jupiter-api-5.9.3.jar:/Users/jonathanlukas/.m2/repository/org/opentest4j/opentest4j/1.2.0/opentest4j-1.2.0.jar:/Users/jonathanlukas/.m2/repository/org/junit/platform/junit-platform-commons/1.9.3/junit-platform-commons-1.9.3.jar:/Users/jonathanlukas/.m2/repository/org/apiguardian/apiguardian-api/1.1.2/apiguardian-api-1.1.2.jar:/Users/jonathanlukas/.m2/repository/org/junit/jupiter/junit-jupiter-params/5.9.3/junit-jupiter-params-5.9.3.jar:/Users/jonathanlukas/.m2/repository/org/junit/jupiter/junit-jupiter-engine/5.9.3/junit-jupiter-engine-5.9.3.jar:/Users/jonathanlukas/.m2/repository/org/junit/platform/junit-platform-engine/1.9.3/junit-platform-engine-1.9.3.jar:/Users/jonathanlukas/.m2/repository/org/assertj/assertj-core/3.24.2/assertj-core-3.24.2.jar:/Users/jonathanlukas/.m2/repository/net/bytebuddy/byte-buddy/1.14.9/byte-buddy-1.14.9.jar:/Users/jonathanlukas/.m2/repository/io/camunda/spring/spring-boot-starter-camunda-test/8.3.0/spring-boot-starter-camunda-test-8.3.0.jar:/Users/jonathanlukas/.m2/repository/io/camunda/spring/spring-boot-starter-camunda-test-common/8.3.0/spring-boot-starter-camunda-test-common-8.3.0.jar:/Users/jonathanlukas/.m2/repository/org/awaitility/awaitility/4.2.0/awaitility-4.2.0.jar:/Users/jonathanlukas/.m2/repository/io/camunda/zeebe-process-test-extension/8.3.0/zeebe-process-test-extension-8.3.0.jar:/Users/jonathanlukas/.m2/repository/io/camunda/zeebe-process-test-engine/8.3.0/zeebe-process-test-engine-8.3.0.jar:/Users/jonathanlukas/.m2/repository/io/camunda/zeebe-workflow-engine/8.3.0/zeebe-workflow-engine-8.3.0.jar:/Users/jonathanlukas/.m2/repository/io/camunda/zeebe-stream-platform/8.3.0/zeebe-stream-platform-8.3.0.jar:/Users/jonathanlukas/.m2/repository/io/camunda/zeebe-scheduler/8.3.0/zeebe-scheduler-8.3.0.jar:/Users/jonathanlukas/.m2/repository/io/camunda/zeebe-msgpack-core/8.3.0/zeebe-msgpack-core-8.3.0.jar:/Users/jonathanlukas/.m2/repository/io/camunda/zeebe-expression-language/8.3.0/zeebe-expression-language-8.3.0.jar:/Users/jonathanlukas/.m2/repository/io/camunda/zeebe-feel-integration/8.3.0/zeebe-feel-integration-8.3.0.jar:/Users/jonathanlukas/.m2/repository/org/scala-lang/scala-library/2.13.12/scala-library-2.13.12.jar:/Users/jonathanlukas/.m2/repository/io/camunda/zeebe-dmn/8.3.0/zeebe-dmn-8.3.0.jar:/Users/jonathanlukas/.m2/repository/org/camunda/bpm/extension/dmn/scala/dmn-engine/1.9.0/dmn-engine-1.9.0.jar:/Users/jonathanlukas/.m2/repository/org/camunda/bpm/model/camunda-dmn-model/7.19.0/camunda-dmn-model-7.19.0.jar:/Users/jonathanlukas/.m2/repository/io/camunda/zeebe-auth/8.3.0/zeebe-auth-8.3.0.jar:/Users/jonathanlukas/.m2/repository/com/auth0/java-jwt/4.4.0/java-jwt-4.4.0.jar:/Users/jonathanlukas/.m2/repository/io/prometheus/simpleclient/0.16.0/simpleclient-0.16.0.jar:/Users/jonathanlukas/.m2/repository/io/prometheus/simpleclient_tracer_otel/0.16.0/simpleclient_tracer_otel-0.16.0.jar:/Users/jonathanlukas/.m2/repository/io/prometheus/simpleclient_tracer_common/0.16.0/simpleclient_tracer_common-0.16.0.jar:/Users/jonathanlukas/.m2/repository/io/prometheus/simpleclient_tracer_otel_agent/0.16.0/simpleclient_tracer_otel_agent-0.16.0.jar:/Users/jonathanlukas/.m2/repository/org/apache/commons/commons-text/1.10.0/commons-text-1.10.0.jar:/Users/jonathanlukas/.m2/repository/org/apache/commons/commons-lang3/3.12.0/commons-lang3-3.12.0.jar:/Users/jonathanlukas/.m2/repository/com/cronutils/cron-utils/9.2.1/cron-utils-9.2.1.jar:/Users/jonathanlukas/.m2/repository/com/google/guava/guava/32.1.2-jre/guava-32.1.2-jre.jar:/Users/jonathanlukas/.m2/repository/com/google/guava/failureaccess/1.0.1/failureaccess-1.0.1.jar:/Users/jonathanlukas/.m2/repository/com/google/guava/listenablefuture/9999.0-empty-to-avoid-conflict-with-guava/listenablefuture-9999.0-empty-to-avoid-conflict-with-guava.jar:/Users/jonathanlukas/.m2/repository/org/checkerframework/checker-qual/3.33.0/checker-qual-3.33.0.jar:/Users/jonathanlukas/.m2/repository/com/google/j2objc/j2objc-annotations/2.8/j2objc-annotations-2.8.jar:/Users/jonathanlukas/.m2/repository/org/camunda/feel/feel-engine/1.17.0/feel-engine-1.17.0.jar:/Users/jonathanlukas/.m2/repository/com/lihaoyi/fastparse_2.13/3.0.2/fastparse_2.13-3.0.2.jar:/Users/jonathanlukas/.m2/repository/com/lihaoyi/sourcecode_2.13/0.3.0/sourcecode_2.13-0.3.0.jar:/Users/jonathanlukas/.m2/repository/com/lihaoyi/geny_2.13/1.0.0/geny_2.13-1.0.0.jar:/Users/jonathanlukas/.m2/repository/io/camunda/zeebe-util/8.3.0/zeebe-util-8.3.0.jar:/Users/jonathanlukas/.m2/repository/org/apache/logging/log4j/log4j-core/2.20.0/log4j-core-2.20.0.jar:/Users/jonathanlukas/.m2/repository/io/camunda/zeebe-logstreams/8.3.0/zeebe-logstreams-8.3.0.jar:/Users/jonathanlukas/.m2/repository/com/netflix/concurrency-limits/concurrency-limits-core/0.4.0/concurrency-limits-core-0.4.0.jar:/Users/jonathanlukas/.m2/repository/io/camunda/zeebe-msgpack-value/8.3.0/zeebe-msgpack-value-8.3.0.jar:/Users/jonathanlukas/.m2/repository/io/camunda/zeebe-protocol/8.3.0/zeebe-protocol-8.3.0.jar:/Users/jonathanlukas/.m2/repository/io/camunda/zeebe-protocol-impl/8.3.0/zeebe-protocol-impl-8.3.0.jar:/Users/jonathanlukas/.m2/repository/org/msgpack/jackson-dataformat-msgpack/0.9.6/jackson-dataformat-msgpack-0.9.6.jar:/Users/jonathanlukas/.m2/repository/org/msgpack/msgpack-core/0.9.6/msgpack-core-0.9.6.jar:/Users/jonathanlukas/.m2/repository/io/camunda/zeebe-db/8.3.0/zeebe-db-8.3.0.jar:/Users/jonathanlukas/.m2/repository/org/rocksdb/rocksdbjni/8.5.3/rocksdbjni-8.5.3.jar:/Users/jonathanlukas/.m2/repository/com/google/api/grpc/proto-google-common-protos/2.25.1/proto-google-common-protos-2.25.1.jar:/Users/jonathanlukas/.m2/repository/org/agrona/agrona/1.19.2/agrona-1.19.2.jar:/Users/jonathanlukas/.m2/repository/com/google/protobuf/protobuf-java/3.24.3/protobuf-java-3.24.3.jar:/Users/jonathanlukas/.m2/repository/io/grpc/grpc-protobuf/1.58.0/grpc-protobuf-1.58.0.jar:/Users/jonathanlukas/.m2/repository/com/google/code/findbugs/jsr305/3.0.2/jsr305-3.0.2.jar:/Users/jonathanlukas/.m2/repository/io/grpc/grpc-protobuf-lite/1.58.0/grpc-protobuf-lite-1.58.0.jar:/Users/jonathanlukas/.m2/repository/io/grpc/grpc-api/1.58.0/grpc-api-1.58.0.jar:/Users/jonathanlukas/.m2/repository/com/google/errorprone/error_prone_annotations/2.20.0/error_prone_annotations-2.20.0.jar:/Users/jonathanlukas/.m2/repository/io/camunda/zeebe-gateway-protocol-impl/8.3.0/zeebe-gateway-protocol-impl-8.3.0.jar:/Users/jonathanlukas/.m2/repository/io/grpc/grpc-stub/1.58.0/grpc-stub-1.58.0.jar:/Users/jonathanlukas/.m2/repository/io/camunda/zeebe-process-test-assertions/8.3.0/zeebe-process-test-assertions-8.3.0.jar:/Users/jonathanlukas/.m2/repository/org/camunda/bpm/model/camunda-xml-model/7.19.0/camunda-xml-model-7.19.0.jar:/Users/jonathanlukas/.m2/repository/io/camunda/zeebe-bpmn-model/8.3.0/zeebe-bpmn-model-8.3.0.jar:/Users/jonathanlukas/.m2/repository/io/camunda/zeebe-client-java/8.3.0/zeebe-client-java-8.3.0.jar:/Users/jonathanlukas/.m2/repository/io/grpc/grpc-core/1.58.0/grpc-core-1.58.0.jar:/Users/jonathanlukas/.m2/repository/com/google/code/gson/gson/2.10.1/gson-2.10.1.jar:/Users/jonathanlukas/.m2/repository/com/google/android/annotations/4.1.1.4/annotations-4.1.1.4.jar:/Users/jonathanlukas/.m2/repository/org/codehaus/mojo/animal-sniffer-annotations/1.23/animal-sniffer-annotations-1.23.jar:/Users/jonathanlukas/.m2/repository/io/perfmark/perfmark-api/0.26.0/perfmark-api-0.26.0.jar:/Users/jonathanlukas/.m2/repository/io/grpc/grpc-context/1.58.0/grpc-context-1.58.0.jar:/Users/jonathanlukas/.m2/repository/io/grpc/grpc-netty/1.58.0/grpc-netty-1.58.0.jar:/Users/jonathanlukas/.m2/repository/io/netty/netty-codec-http2/4.1.100.Final/netty-codec-http2-4.1.100.Final.jar:/Users/jonathanlukas/.m2/repository/io/netty/netty-codec-http/4.1.100.Final/netty-codec-http-4.1.100.Final.jar:/Users/jonathanlukas/.m2/repository/io/netty/netty-handler-proxy/4.1.100.Final/netty-handler-proxy-4.1.100.Final.jar:/Users/jonathanlukas/.m2/repository/io/netty/netty-codec-socks/4.1.100.Final/netty-codec-socks-4.1.100.Final.jar:/Users/jonathanlukas/.m2/repository/io/netty/netty-transport-native-unix-common/4.1.100.Final/netty-transport-native-unix-common-4.1.100.Final.jar:/Users/jonathanlukas/.m2/repository/io/grpc/grpc-util/1.58.0/grpc-util-1.58.0.jar:/Users/jonathanlukas/.m2/repository/io/netty/netty-tcnative-boringssl-static/2.0.61.Final/netty-tcnative-boringssl-static-2.0.61.Final.jar:/Users/jonathanlukas/.m2/repository/io/netty/netty-tcnative-classes/2.0.61.Final/netty-tcnative-classes-2.0.61.Final.jar:/Users/jonathanlukas/.m2/repository/io/netty/netty-tcnative-boringssl-static/2.0.61.Final/netty-tcnative-boringssl-static-2.0.61.Final-linux-x86_64.jar:/Users/jonathanlukas/.m2/repository/io/netty/netty-tcnative-boringssl-static/2.0.61.Final/netty-tcnative-boringssl-static-2.0.61.Final-linux-aarch_64.jar:/Users/jonathanlukas/.m2/repository/io/netty/netty-tcnative-boringssl-static/2.0.61.Final/netty-tcnative-boringssl-static-2.0.61.Final-osx-x86_64.jar:/Users/jonathanlukas/.m2/repository/io/netty/netty-tcnative-boringssl-static/2.0.61.Final/netty-tcnative-boringssl-static-2.0.61.Final-osx-aarch_64.jar:/Users/jonathanlukas/.m2/repository/io/netty/netty-tcnative-boringssl-static/2.0.61.Final/netty-tcnative-boringssl-static-2.0.61.Final-windows-x86_64.jar:/Users/jonathanlukas/.m2/repository/io/netty/netty-handler/4.1.100.Final/netty-handler-4.1.100.Final.jar:/Users/jonathanlukas/.m2/repository/io/netty/netty-resolver/4.1.100.Final/netty-resolver-4.1.100.Final.jar:/Users/jonathanlukas/.m2/repository/io/netty/netty-buffer/4.1.100.Final/netty-buffer-4.1.100.Final.jar:/Users/jonathanlukas/.m2/repository/io/netty/netty-transport/4.1.100.Final/netty-transport-4.1.100.Final.jar:/Users/jonathanlukas/.m2/repository/io/netty/netty-codec/4.1.100.Final/netty-codec-4.1.100.Final.jar:/Users/jonathanlukas/.m2/repository/io/netty/netty-common/4.1.100.Final/netty-common-4.1.100.Final.jar:/Users/jonathanlukas/.m2/repository/com/fasterxml/jackson/dataformat/jackson-dataformat-yaml/2.15.3/jackson-dataformat-yaml-2.15.3.jar:/Users/jonathanlukas/.m2/repository/io/camunda/zeebe-process-test-filters/8.3.0/zeebe-process-test-filters-8.3.0.jar:/Users/jonathanlukas/.m2/repository/io/camunda/zeebe-process-test-api/8.3.0/zeebe-process-test-api-8.3.0.jar:/Users/jonathanlukas/.m2/repository/io/camunda/connector/spring-boot-starter-camunda-connectors/8.3.0/spring-boot-starter-camunda-connectors-8.3.0.jar:/Users/jonathanlukas/.m2/repository/io/camunda/connector/connector-runtime-spring/8.3.0/connector-runtime-spring-8.3.0.jar:/Users/jonathanlukas/.m2/repository/io/camunda/spring/spring-client-zeebe/8.3.0-rc3/spring-client-zeebe-8.3.0-rc3.jar:/Users/jonathanlukas/.m2/repository/io/camunda/spring/spring-client-common/8.3.0-rc3/spring-client-common-8.3.0-rc3.jar:/Users/jonathanlukas/.m2/repository/io/camunda/spring/spring-client-annotations/8.3.0-rc3/spring-client-annotations-8.3.0-rc3.jar:/Users/jonathanlukas/.m2/repository/commons-beanutils/commons-beanutils/1.9.4/commons-beanutils-1.9.4.jar:/Users/jonathanlukas/.m2/repository/commons-logging/commons-logging/1.2/commons-logging-1.2.jar:/Users/jonathanlukas/.m2/repository/commons-collections/commons-collections/3.2.2/commons-collections-3.2.2.jar:/Users/jonathanlukas/.m2/repository/io/camunda/connector/connector-runtime-core/8.3.0/connector-runtime-core-8.3.0.jar:/Users/jonathanlukas/.m2/repository/io/camunda/connector/jackson-datatype-feel/8.3.0/jackson-datatype-feel-8.3.0.jar:/Users/jonathanlukas/.m2/repository/com/fasterxml/jackson/module/jackson-module-scala_3/2.15.3/jackson-module-scala_3-2.15.3.jar:/Users/jonathanlukas/.m2/repository/org/scala-lang/scala3-library_3/3.2.2/scala3-library_3-3.2.2.jar:/Users/jonathanlukas/.m2/repository/com/thoughtworks/paranamer/paranamer/2.8/paranamer-2.8.jar:/Users/jonathanlukas/.m2/repository/io/camunda/connector/connector-validation/8.3.0/connector-validation-8.3.0.jar:/Users/jonathanlukas/.m2/repository/org/hibernate/validator/hibernate-validator/8.0.1.Final/hibernate-validator-8.0.1.Final.jar:/Users/jonathanlukas/.m2/repository/jakarta/validation/jakarta.validation-api/3.0.2/jakarta.validation-api-3.0.2.jar:/Users/jonathanlukas/.m2/repository/org/jboss/logging/jboss-logging/3.5.3.Final/jboss-logging-3.5.3.Final.jar:/Users/jonathanlukas/.m2/repository/com/fasterxml/classmate/1.5.1/classmate-1.5.1.jar:/Users/jonathanlukas/.m2/repository/io/camunda/spring/spring-boot-starter-camunda/8.3.0-rc3/spring-boot-starter-camunda-8.3.0-rc3.jar:/Users/jonathanlukas/.m2/repository/org/springframework/boot/spring-boot-starter-json/3.1.5/spring-boot-starter-json-3.1.5.jar:/Users/jonathanlukas/.m2/repository/com/fasterxml/jackson/datatype/jackson-datatype-jdk8/2.15.3/jackson-datatype-jdk8-2.15.3.jar:/Users/jonathanlukas/.m2/repository/com/fasterxml/jackson/datatype/jackson-datatype-jsr310/2.15.3/jackson-datatype-jsr310-2.15.3.jar:/Users/jonathanlukas/.m2/repository/com/fasterxml/jackson/module/jackson-module-parameter-names/2.15.3/jackson-module-parameter-names-2.15.3.jar:/Users/jonathanlukas/.m2/repository/io/github/resilience4j/resilience4j-retry/2.1.0/resilience4j-retry-2.1.0.jar:/Users/jonathanlukas/.m2/repository/io/github/resilience4j/resilience4j-core/2.1.0/resilience4j-core-2.1.0.jar:/Users/jonathanlukas/.m2/repository/io/camunda/camunda-operate-client-java/8.3.0/camunda-operate-client-java-8.3.0.jar:/Users/jonathanlukas/.m2/repository/org/apache/httpcomponents/client5/httpclient5/5.2.1/httpclient5-5.2.1.jar:/Users/jonathanlukas/.m2/repository/org/apache/httpcomponents/core5/httpcore5/5.2.3/httpcore5-5.2.3.jar:/Users/jonathanlukas/.m2/repository/org/apache/httpcomponents/core5/httpcore5-h2/5.2.3/httpcore5-h2-5.2.3.jar:/Users/jonathanlukas/.m2/repository/org/apache/httpcomponents/client5/httpclient5-fluent/5.2.1/httpclient5-fluent-5.2.1.jar:/Users/jonathanlukas/.m2/repository/org/springframework/boot/spring-boot-starter-web/3.1.5/spring-boot-starter-web-3.1.5.jar:/Users/jonathanlukas/.m2/repository/org/springframework/boot/spring-boot-starter-tomcat/3.1.5/spring-boot-starter-tomcat-3.1.5.jar:/Users/jonathanlukas/.m2/repository/org/apache/tomcat/embed/tomcat-embed-core/10.1.15/tomcat-embed-core-10.1.15.jar:/Users/jonathanlukas/.m2/repository/org/apache/tomcat/embed/tomcat-embed-el/10.1.15/tomcat-embed-el-10.1.15.jar:/Users/jonathanlukas/.m2/repository/org/apache/tomcat/embed/tomcat-embed-websocket/10.1.15/tomcat-embed-websocket-10.1.15.jar:/Users/jonathanlukas/.m2/repository/org/springframework/spring-web/6.0.13/spring-web-6.0.13.jar:/Users/jonathanlukas/.m2/repository/org/springframework/spring-beans/6.0.13/spring-beans-6.0.13.jar:/Users/jonathanlukas/.m2/repository/org/springframework/spring-webmvc/6.0.13/spring-webmvc-6.0.13.jar:/Users/jonathanlukas/.m2/repository/org/springframework/spring-aop/6.0.13/spring-aop-6.0.13.jar:/Users/jonathanlukas/.m2/repository/org/springframework/spring-expression/6.0.13/spring-expression-6.0.13.jar:/Users/jonathanlukas/.m2/repository/org/springframework/boot/spring-boot-starter-actuator/3.1.5/spring-boot-starter-actuator-3.1.5.jar:/Users/jonathanlukas/.m2/repository/org/springframework/boot/spring-boot-actuator-autoconfigure/3.1.5/spring-boot-actuator-autoconfigure-3.1.5.jar:/Users/jonathanlukas/.m2/repository/org/springframework/boot/spring-boot-actuator/3.1.5/spring-boot-actuator-3.1.5.jar:/Users/jonathanlukas/.m2/repository/io/micrometer/micrometer-observation/1.11.5/micrometer-observation-1.11.5.jar:/Users/jonathanlukas/.m2/repository/io/micrometer/micrometer-commons/1.11.5/micrometer-commons-1.11.5.jar:/Users/jonathanlukas/.m2/repository/io/micrometer/micrometer-core/1.11.5/micrometer-core-1.11.5.jar:/Users/jonathanlukas/.m2/repository/org/hdrhistogram/HdrHistogram/2.1.12/HdrHistogram-2.1.12.jar:/Users/jonathanlukas/.m2/repository/org/latencyutils/LatencyUtils/2.0.3/LatencyUtils-2.0.3.jar:"/>
    <property name="sun.cpu.endian" value="little"/>
    <property name="user.home" value="/Users/jonathanlukas"/>
    <property name="user.language" value="en"/>
    <property name="java.specification.vendor" value="Oracle Corporation"/>
    <property name="java.version.date" value="2023-10-17"/>
    <property name="java.home" value="/Library/Java/JavaVirtualMachines/temurin-21.jdk/Contents/Home"/>
    <property name="idea.plugins.compatible.build" value="999.SNAPSHOT"/>
    <property name="file.separator" value="/"/>
    <property name="basedir" value="/Users/jonathanlukas/git/camunda/zeebe-script-worker/connector"/>
    <property name="java.vm.compressedOopsMode" value="Zero based"/>
    <property name="line.separator" value="&#10;"/>
    <property name="java.vm.specification.vendor" value="Oracle Corporation"/>
    <property name="java.specification.name" value="Java Platform API Specification"/>
    <property name="FILE_LOG_CHARSET" value="UTF-8"/>
    <property name="java.awt.headless" value="true"/>
    <property name="apple.awt.application.name" value="ForkedBooter"/>
    <property name="surefire.real.class.path" value="/Users/jonathanlukas/git/camunda/zeebe-script-worker/connector/target/surefire/surefirebooter-20231027095719362_3.jar"/>
    <property name="sun.management.compiler" value="HotSpot 64-Bit Tiered Compilers"/>
    <property name="ftp.nonProxyHosts" value="local|*.local|169.254/16|*.169.254/16"/>
    <property name="java.runtime.version" value="21.0.1+12-LTS"/>
    <property name="user.name" value="jonathanlukas"/>
    <property name="stdout.encoding" value="UTF-8"/>
    <property name="path.separator" value=":"/>
    <property name="os.version" value="13.6.1"/>
    <property name="java.runtime.name" value="OpenJDK Runtime Environment"/>
    <property name="file.encoding" value="UTF-8"/>
    <property name="project.structure.add.tools.jar.to.new.jdk" value="false"/>
    <property name="psi.incremental.reparse.depth.limit" value="1000"/>
    <property name="java.vm.name" value="OpenJDK 64-Bit Server VM"/>
    <property name="java.vendor.version" value="Temurin-21.0.1+12"/>
    <property name="localRepository" value="/Users/jonathanlukas/.m2/repository"/>
    <property name="java.vendor.url.bug" value="https://github.com/adoptium/adoptium-support/issues"/>
    <property name="java.io.tmpdir" value="/var/folders/cc/thvqmj0n4x9_9gz0w05hh2q40000gn/T/"/>
    <property name="java.version" value="21.0.1"/>
    <property name="user.dir" value="/Users/jonathanlukas/git/camunda/zeebe-script-worker/connector"/>
    <property name="ide.hide.excluded.files" value="false"/>
    <property name="os.arch" value="x86_64"/>
    <property name="java.vm.specification.name" value="Java Virtual Machine Specification"/>
    <property name="PID" value="13425"/>
    <property name="CONSOLE_LOG_CHARSET" value="UTF-8"/>
    <property name="native.encoding" value="UTF-8"/>
    <property name="java.library.path" value="/Users/jonathanlukas/Library/Java/Extensions:/Library/Java/Extensions:/Network/Library/Java/Extensions:/System/Library/Java/Extensions:/usr/lib/java:."/>
    <property name="java.vm.info" value="mixed mode"/>
    <property name="stderr.encoding" value="UTF-8"/>
    <property name="java.vendor" value="Eclipse Adoptium"/>
    <property name="java.vm.version" value="21.0.1+12-LTS"/>
    <property name="sun.io.unicode.encoding" value="UnicodeBig"/>
    <property name="socksNonProxyHosts" value="local|*.local|169.254/16|*.169.254/16"/>
    <property name="java.class.version" value="65.0"/>
    <property name="ast.loading.filter" value="false"/>
  </properties>
  <testcase name="shouldReturnResult" classname="io.camunda.community.connector.script.WorkflowTest" time="2.058">
    <system-out><![CDATA[09:57:27.627 [main] INFO org.springframework.test.context.support.AnnotationConfigContextLoaderUtils -- Could not detect default configuration classes for test class [io.camunda.community.connector.script.WorkflowTest]: WorkflowTest does not declare any static, non-private, non-final, nested classes annotated with @Configuration.
09:57:27.705 [main] INFO org.springframework.boot.test.context.SpringBootTestContextBootstrapper -- Found @SpringBootConfiguration io.camunda.community.connector.script.ZeebeScriptWorkerApplication for test class io.camunda.community.connector.script.WorkflowTest

  .   ____          _            __ _ _
 /\\ / ___'_ __ _ _(_)_ __  __ _ \ \ \ \
( ( )\___ | '_ | '_| | '_ \/ _` | \ \ \ \
 \\/  ___)| |_)| | | | | || (_| |  ) ) ) )
  '  |____| .__|_| |_|_| |_\__, | / / / /
 =========|_|==============|___/=/_/_/_/
 :: Spring Boot ::                (v3.1.5)

2023-10-27T09:57:28.166+02:00  INFO 13425 --- [           main] i.c.c.connector.script.WorkflowTest      : Starting WorkflowTest using Java 21.0.1 with PID 13425 (started by jonathanlukas in /Users/jonathanlukas/git/camunda/zeebe-script-worker/connector)
2023-10-27T09:57:28.167+02:00  INFO 13425 --- [           main] i.c.c.connector.script.WorkflowTest      : No active profile set, falling back to 1 default profile: "default"
2023-10-27T09:57:28.980+02:00  INFO 13425 --- [           main] trationDelegate$BeanPostProcessorChecker : Bean 'io.camunda.zeebe.spring.client.annotation.processor.AnnotationProcessorConfiguration' of type [io.camunda.zeebe.spring.client.annotation.processor.AnnotationProcessorConfiguration] is not eligible for getting processed by all BeanPostProcessors (for example: not eligible for auto-proxying)
2023-10-27T09:57:28.982+02:00  INFO 13425 --- [           main] trationDelegate$BeanPostProcessorChecker : Bean 'io.camunda.connector.runtime.outbound.OutboundConnectorRuntimeConfiguration' of type [io.camunda.connector.runtime.outbound.OutboundConnectorRuntimeConfiguration$$SpringCGLIB$$0] is not eligible for getting processed by all BeanPostProcessors (for example: not eligible for auto-proxying)
2023-10-27T09:57:29.002+02:00  INFO 13425 --- [           main] trationDelegate$BeanPostProcessorChecker : Bean 'zeebe.client-io.camunda.zeebe.spring.client.properties.ZeebeClientConfigurationProperties' of type [io.camunda.zeebe.spring.client.properties.ZeebeClientConfigurationProperties] is not eligible for getting processed by all BeanPostProcessors (for example: not eligible for auto-proxying)
2023-10-27T09:57:29.002+02:00  INFO 13425 --- [           main] trationDelegate$BeanPostProcessorChecker : Bean 'io.camunda.zeebe.spring.client.configuration.ZeebeClientAllAutoConfiguration' of type [io.camunda.zeebe.spring.client.configuration.ZeebeClientAllAutoConfiguration] is not eligible for getting processed by all BeanPostProcessors (for example: not eligible for auto-proxying)
2023-10-27T09:57:29.004+02:00  INFO 13425 --- [           main] trationDelegate$BeanPostProcessorChecker : Bean 'zeebeClientExecutorService' of type [io.camunda.zeebe.spring.client.jobhandling.ZeebeClientExecutorService] is not eligible for getting processed by all BeanPostProcessors (for example: not eligible for auto-proxying)
2023-10-27T09:57:29.007+02:00  INFO 13425 --- [           main] trationDelegate$BeanPostProcessorChecker : Bean 'commandExceptionHandlingStrategy' of type [io.camunda.zeebe.spring.client.jobhandling.DefaultCommandExceptionHandlingStrategy] is not eligible for getting processed by all BeanPostProcessors (for example: not eligible for auto-proxying)
2023-10-27T09:57:29.008+02:00  INFO 13425 --- [           main] trationDelegate$BeanPostProcessorChecker : Bean 'io.camunda.zeebe.spring.client.CamundaAutoConfiguration' of type [io.camunda.zeebe.spring.client.CamundaAutoConfiguration$$SpringCGLIB$$0] is not eligible for getting processed by all BeanPostProcessors (for example: not eligible for auto-proxying)
2023-10-27T09:57:29.009+02:00  INFO 13425 --- [           main] trationDelegate$BeanPostProcessorChecker : Bean 'io.camunda.connector.runtime.OutboundConnectorsAutoConfiguration' of type [io.camunda.connector.runtime.OutboundConnectorsAutoConfiguration] is not eligible for getting processed by all BeanPostProcessors (for example: not eligible for auto-proxying)
2023-10-27T09:57:29.083+02:00  INFO 13425 --- [           main] org.camunda.feel.FeelEngine              : Engine created. [value-mapper: CompositeValueMapper(List(org.camunda.feel.impl.JavaValueMapper@4a14227a)), function-provider: io.camunda.connector.feel.FeelConnectorFunctionProvider@1b254f9b, clock: SystemClock, configuration: {externalFunctionsEnabled: false}]
2023-10-27T09:57:29.212+02:00  INFO 13425 --- [           main] org.camunda.feel.FeelEngine              : Engine created. [value-mapper: CompositeValueMapper(List(org.camunda.feel.impl.JavaValueMapper@179683c3)), function-provider: io.camunda.connector.feel.FeelConnectorFunctionProvider@31b280af, clock: SystemClock, configuration: {externalFunctionsEnabled: false}]
2023-10-27T09:57:29.225+02:00  INFO 13425 --- [           main] trationDelegate$BeanPostProcessorChecker : Bean 'objectMapper' of type [com.fasterxml.jackson.databind.json.JsonMapper] is not eligible for getting processed by all BeanPostProcessors (for example: not eligible for auto-proxying)
2023-10-27T09:57:29.225+02:00  INFO 13425 --- [           main] trationDelegate$BeanPostProcessorChecker : Bean 'zeebeJsonMapper' of type [io.camunda.zeebe.client.impl.ZeebeObjectMapper] is not eligible for getting processed by all BeanPostProcessors (for example: not eligible for auto-proxying)
2023-10-27T09:57:29.226+02:00  INFO 13425 --- [           main] trationDelegate$BeanPostProcessorChecker : Bean 'io.camunda.zeebe.spring.client.configuration.ZeebeActuatorConfiguration' of type [io.camunda.zeebe.spring.client.configuration.ZeebeActuatorConfiguration] is not eligible for getting processed by all BeanPostProcessors (for example: not eligible for auto-proxying)
2023-10-27T09:57:29.252+02:00  INFO 13425 --- [           main] i.c.z.s.c.a.MicrometerMetricsRecorder    : Enabling Micrometer based metrics for spring-zeebe (available via Actuator)
2023-10-27T09:57:29.252+02:00  INFO 13425 --- [           main] trationDelegate$BeanPostProcessorChecker : Bean 'micrometerMetricsRecorder' of type [io.camunda.zeebe.spring.client.actuator.MicrometerMetricsRecorder] is not eligible for getting processed by all BeanPostProcessors (for example: not eligible for auto-proxying)
2023-10-27T09:57:29.254+02:00  INFO 13425 --- [           main] trationDelegate$BeanPostProcessorChecker : Bean 'jobWorkerManager' of type [io.camunda.zeebe.spring.client.jobhandling.JobWorkerManager] is not eligible for getting processed by all BeanPostProcessors (for example: not eligible for auto-proxying)
2023-10-27T09:57:29.262+02:00  INFO 13425 --- [           main] trationDelegate$BeanPostProcessorChecker : Bean 'outboundConnectorFactory' of type [io.camunda.connector.runtime.core.outbound.DefaultOutboundConnectorFactory] is not eligible for getting processed by all BeanPostProcessors (for example: not eligible for auto-proxying)
2023-10-27T09:57:29.264+02:00  INFO 13425 --- [           main] trationDelegate$BeanPostProcessorChecker : Bean 'defaultSecretProvider' of type [io.camunda.connector.runtime.env.SpringEnvironmentSecretProvider] is not eligible for getting processed by all BeanPostProcessors (for example: not eligible for auto-proxying)
2023-10-27T09:57:29.265+02:00  INFO 13425 --- [           main] trationDelegate$BeanPostProcessorChecker : Bean 'springSecretProviderAggregator' of type [io.camunda.connector.runtime.core.secret.SecretProviderAggregator] is not eligible for getting processed by all BeanPostProcessors (for example: not eligible for auto-proxying)
2023-10-27T09:57:29.268+02:00  INFO 13425 --- [           main] trationDelegate$BeanPostProcessorChecker : Bean 'outboundConnectorManager' of type [io.camunda.connector.runtime.outbound.lifecycle.OutboundConnectorManager] is not eligible for getting processed by all BeanPostProcessors (for example: not eligible for auto-proxying)
2023-10-27T09:57:29.270+02:00  INFO 13425 --- [           main] trationDelegate$BeanPostProcessorChecker : Bean 'annotationProcessor' of type [io.camunda.connector.runtime.outbound.lifecycle.OutboundConnectorAnnotationProcessor] is not eligible for getting processed by all BeanPostProcessors (for example: not eligible for auto-proxying)
2023-10-27T09:57:29.271+02:00  INFO 13425 --- [           main] trationDelegate$BeanPostProcessorChecker : Bean 'deploymentPostProcessor' of type [io.camunda.zeebe.spring.client.annotation.processor.ZeebeDeploymentAnnotationProcessor] is not eligible for getting processed by all BeanPostProcessors (for example: not eligible for auto-proxying)
2023-10-27T09:57:29.273+02:00  INFO 13425 --- [           main] trationDelegate$BeanPostProcessorChecker : Bean 'propertyBasedZeebeWorkerValueCustomizer' of type [io.camunda.zeebe.spring.client.properties.PropertyBasedZeebeWorkerValueCustomizer] is not eligible for getting processed by all BeanPostProcessors (for example: not eligible for auto-proxying)
2023-10-27T09:57:29.275+02:00  INFO 13425 --- [           main] trationDelegate$BeanPostProcessorChecker : Bean 'zeebeWorkerPostProcessor' of type [io.camunda.zeebe.spring.client.annotation.processor.ZeebeWorkerAnnotationProcessor] is not eligible for getting processed by all BeanPostProcessors (for example: not eligible for auto-proxying)
2023-10-27T09:57:29.562+02:00  WARN 13425 --- [           main] o.s.b.a.m.MustacheAutoConfiguration      : Cannot find template location: classpath:/templates/ (please add some templates, check your Mustache configuration, or set spring.mustache.check-template-location=false)
2023-10-27T09:57:29.570+02:00  INFO 13425 --- [           main] org.camunda.feel.FeelEngine              : Engine created. [value-mapper: CompositeValueMapper(List(org.camunda.feel.impl.JavaValueMapper@54bd2345)), function-provider: io.camunda.connector.feel.FeelConnectorFunctionProvider@48b5669c, clock: SystemClock, configuration: {externalFunctionsEnabled: false}]
2023-10-27T09:57:29.944+02:00  INFO 13425 --- [           main] o.s.b.a.e.web.EndpointLinksResolver      : Exposing 1 endpoint(s) beneath base path '/actuator'
2023-10-27T09:57:29.990+02:00  INFO 13425 --- [           main] i.c.c.connector.script.WorkflowTest      : Started WorkflowTest in 2.124 seconds (process running for 10.546)
2023-10-27T09:57:30.088+02:00  INFO 13425 --- [           main] i.c.z.s.test.ZeebeTestExecutionListener  : Create Zeebe in-memory engine for test run on random port: 61300...
2023-10-27T09:57:30.449+02:00  INFO 13425 --- [   zb-actors-13] io.camunda.zeebe.logstreams              : Recovered state of partition 1 from snapshot at position -1
2023-10-27T09:57:30.484+02:00  INFO 13425 --- [   zb-actors-13] org.camunda.feel.FeelEngine              : Engine created. [value-mapper: CompositeValueMapper(List(io.camunda.zeebe.feel.impl.MessagePackValueMapper@4178b4ab)), function-provider: io.camunda.zeebe.feel.impl.FeelFunctionProvider@57546a8d, clock: io.camunda.zeebe.engine.processing.bpmn.clock.ZeebeFeelEngineClock@539d4074, configuration: {externalFunctionsEnabled: false}]
2023-10-27T09:57:30.533+02:00  INFO 13425 --- [   zb-actors-13] org.camunda.dmn.DmnEngine                : DMN-Engine created. [value-mapper: CompositeValueMapper(List(io.camunda.zeebe.feel.impl.MessagePackValueMapper@778cb5cf)), function-provider: org.camunda.feel.context.FunctionProvider$EmptyFunctionProvider$@75fd473a, audit-loggers: List(), configuration: Configuration(false,false,false)]
2023-10-27T09:57:30.535+02:00  INFO 13425 --- [   zb-actors-13] org.camunda.feel.FeelEngine              : Engine created. [value-mapper: CompositeValueMapper(List(org.camunda.dmn.NoUnpackValueMapper@16da5391)), function-provider: org.camunda.feel.context.FunctionProvider$EmptyFunctionProvider$@75fd473a, clock: SystemClock, configuration: {externalFunctionsEnabled: false}]
2023-10-27T09:57:30.564+02:00  INFO 13425 --- [   zb-actors-13] org.camunda.dmn.DmnEngine                : DMN-Engine created. [value-mapper: CompositeValueMapper(List(io.camunda.zeebe.feel.impl.MessagePackValueMapper@168b4c40)), function-provider: org.camunda.feel.context.FunctionProvider$EmptyFunctionProvider$@75fd473a, audit-loggers: List(), configuration: Configuration(false,false,false)]
2023-10-27T09:57:30.564+02:00  INFO 13425 --- [   zb-actors-13] org.camunda.feel.FeelEngine              : Engine created. [value-mapper: CompositeValueMapper(List(org.camunda.dmn.NoUnpackValueMapper@60e7f530)), function-provider: org.camunda.feel.context.FunctionProvider$EmptyFunctionProvider$@75fd473a, clock: SystemClock, configuration: {externalFunctionsEnabled: false}]
2023-10-27T09:57:30.588+02:00  INFO 13425 --- [   zb-actors-13] org.camunda.dmn.DmnEngine                : DMN-Engine created. [value-mapper: CompositeValueMapper(List(io.camunda.zeebe.feel.impl.MessagePackValueMapper@49bef4c7)), function-provider: org.camunda.feel.context.FunctionProvider$EmptyFunctionProvider$@75fd473a, audit-loggers: List(), configuration: Configuration(false,false,false)]
2023-10-27T09:57:30.588+02:00  INFO 13425 --- [   zb-actors-13] org.camunda.feel.FeelEngine              : Engine created. [value-mapper: CompositeValueMapper(List(org.camunda.dmn.NoUnpackValueMapper@5e3df12)), function-provider: org.camunda.feel.context.FunctionProvider$EmptyFunctionProvider$@75fd473a, clock: SystemClock, configuration: {externalFunctionsEnabled: false}]
2023-10-27T09:57:30.590+02:00  INFO 13425 --- [   zb-actors-13] org.camunda.feel.FeelEngine              : Engine created. [value-mapper: CompositeValueMapper(List(io.camunda.zeebe.feel.impl.MessagePackValueMapper@637795d3)), function-provider: io.camunda.zeebe.feel.impl.FeelFunctionProvider@6378eb65, clock: io.camunda.zeebe.engine.processing.bpmn.clock.ZeebeFeelEngineClock@413b9b8e, configuration: {externalFunctionsEnabled: false}]
2023-10-27T09:57:30.625+02:00  INFO 13425 --- [   zb-actors-13] org.camunda.feel.FeelEngine              : Engine created. [value-mapper: CompositeValueMapper(List(io.camunda.zeebe.feel.impl.MessagePackValueMapper@64000559)), function-provider: io.camunda.zeebe.feel.impl.FeelFunctionProvider@2ffc8a06, clock: io.camunda.zeebe.engine.processing.bpmn.clock.ZeebeFeelEngineClock@14bcc36f, configuration: {externalFunctionsEnabled: false}]
2023-10-27T09:57:30.626+02:00  INFO 13425 --- [   zb-actors-13] org.camunda.feel.FeelEngine              : Engine created. [value-mapper: CompositeValueMapper(List(io.camunda.zeebe.feel.impl.MessagePackValueMapper@1a53c292)), function-provider: io.camunda.zeebe.feel.impl.FeelFunctionProvider@7813a124, clock: io.camunda.zeebe.engine.processing.bpmn.clock.ZeebeFeelEngineClock@40c115eb, configuration: {externalFunctionsEnabled: false}]
2023-10-27T09:57:30.650+02:00  INFO 13425 --- [   zb-actors-13] org.camunda.dmn.DmnEngine                : DMN-Engine created. [value-mapper: CompositeValueMapper(List(io.camunda.zeebe.feel.impl.MessagePackValueMapper@58300ed0)), function-provider: org.camunda.feel.context.FunctionProvider$EmptyFunctionProvider$@75fd473a, audit-loggers: List(), configuration: Configuration(false,false,false)]
2023-10-27T09:57:30.650+02:00  INFO 13425 --- [   zb-actors-13] org.camunda.feel.FeelEngine              : Engine created. [value-mapper: CompositeValueMapper(List(org.camunda.dmn.NoUnpackValueMapper@654a1fa7)), function-provider: org.camunda.feel.context.FunctionProvider$EmptyFunctionProvider$@75fd473a, clock: SystemClock, configuration: {externalFunctionsEnabled: false}]
2023-10-27T09:57:30.700+02:00  INFO 13425 --- [   zb-actors-13] io.camunda.zeebe.processor               : Processor starts replay of events. [snapshot-position: -1, replay-mode: PROCESSING]
2023-10-27T09:57:30.701+02:00  INFO 13425 --- [   zb-actors-13] io.camunda.zeebe.processor               : Processor finished replay, with [lastProcessedPosition: -1, lastWrittenPosition: -1]
2023-10-27T09:57:30.703+02:00  INFO 13425 --- [           main] z.s.t.AbstractZeebeTestExecutionListener : Test engine setup. Now starting deployments and workers...
2023-10-27T09:57:30.769+02:00  INFO 13425 --- [           main] org.camunda.feel.FeelEngine              : Engine created. [value-mapper: CompositeValueMapper(List(org.camunda.feel.impl.JavaValueMapper@69464a0f)), function-provider: io.camunda.connector.feel.FeelConnectorFunctionProvider@3f2f83d5, clock: SystemClock, configuration: {externalFunctionsEnabled: false}]
2023-10-27T09:57:30.782+02:00  INFO 13425 --- [           main] i.c.z.s.c.jobhandling.JobWorkerManager   : . Starting Zeebe worker: ZeebeWorkerValue{type='io.camunda.community:script', name='connector-script', timeout=null, maxJobsActive=null, requestTimeout=null, pollInterval=null, autoComplete=true, fetchVariables=[], enabled=null, methodInfo=null}
2023-10-27T09:57:30.783+02:00  INFO 13425 --- [           main] i.c.z.s.c.jobhandling.JobWorkerManager   : . Starting Zeebe worker: ZeebeWorkerValue{type='script', name='connector-script-legacy', timeout=null, maxJobsActive=null, requestTimeout=null, pollInterval=null, autoComplete=true, fetchVariables=[], enabled=null, methodInfo=null}
2023-10-27T09:57:30.784+02:00  INFO 13425 --- [           main] z.s.t.AbstractZeebeTestExecutionListener : ...deployments and workers started.
2023-10-27T09:57:32.039+02:00  INFO 13425 --- [pool-6-thread-1] i.c.c.r.c.outbound.ConnectorJobHandler   : Received job 2251799813685273
2023-10-27T09:57:32.129+02:00  INFO 13425 --- [    zb-actors-1] io.camunda.zeebe.logstreams              : Close appender for log stream null
2023-10-27T09:57:32.129+02:00  INFO 13425 --- [    zb-actors-1] i.c.zeebe.logstreams.impl.log.Sequencer  : Closing sequencer for writing
2023-10-27T09:57:32.130+02:00  INFO 13425 --- [   zb-actors-11] io.camunda.zeebe.logstreams              : On closing logstream null close 2 readers
]]></system-out>
    <system-err><![CDATA[WARNING: A Java agent has been loaded dynamically (/Users/jonathanlukas/.m2/repository/net/bytebuddy/byte-buddy-agent/1.14.9/byte-buddy-agent-1.14.9.jar)
WARNING: If a serviceability tool is in use, please run with -XX:+EnableDynamicAgentLoading to hide this warning
WARNING: If a serviceability tool is not in use, please run with -Djdk.instrument.traceUsage for more information
WARNING: Dynamic loading of agents will be disallowed by default in a future release
]]></system-err>
  </testcase>
  <testcase name="shouldGetCurrentJob" classname="io.camunda.community.connector.script.WorkflowTest" time="0.0">
    <skipped message="public void io.camunda.community.connector.script.WorkflowTest.shouldGetCurrentJob() is @Disabled"/>
  </testcase>
  <testcase name="shouldUseZeebeClient" classname="io.camunda.community.connector.script.WorkflowTest" time="0.0">
    <skipped message="public void io.camunda.community.connector.script.WorkflowTest.shouldUseZeebeClient() is @Disabled"/>
  </testcase>
</testsuite>