<?xml version="1.0" encoding="UTF-8"?>
<testsuite xmlns:xsi="http://www.w3.org/2001/XMLSchema-instance" xsi:noNamespaceSchemaLocation="https://maven.apache.org/surefire/maven-surefire-plugin/xsd/surefire-test-report-3.0.xsd" version="3.0" name="io.camunda.community.connector.script.EvaluationJavaScriptTest" time="0.157" tests="5" errors="0" skipped="0" failures="0">
  <properties>
    <property name="idea.io.use.nio2" value="true"/>
    <property name="java.specification.version" value="21"/>
    <property name="sun.jnu.encoding" value="UTF-8"/>
    <property name="java.class.path" value="/Users/jonathanlukas/git/camunda/zeebe-script-worker/connector/target/test-classes:/Users/jonathanlukas/git/camunda/zeebe-script-worker/connector/target/classes:/Users/jonathanlukas/.m2/repository/io/camunda/connector/connector-core/8.3.0/connector-core-8.3.0.jar:/Users/jonathanlukas/.m2/repository/org/slf4j/slf4j-api/2.0.9/slf4j-api-2.0.9.jar:/Users/jonathanlukas/.m2/repository/com/fasterxml/jackson/core/jackson-databind/2.15.3/jackson-databind-2.15.3.jar:/Users/jonathanlukas/.m2/repository/com/fasterxml/jackson/core/jackson-annotations/2.15.3/jackson-annotations-2.15.3.jar:/Users/jonathanlukas/.m2/repository/com/fasterxml/jackson/core/jackson-core/2.15.3/jackson-core-2.15.3.jar:/Users/jonathanlukas/.m2/repository/com/samskivert/jmustache/1.15/jmustache-1.15.jar:/Users/jonathanlukas/.m2/repository/org/codehaus/groovy/groovy-all/2.4.21/groovy-all-2.4.21.jar:/Users/jonathanlukas/.m2/repository/org/graalvm/js/js/23.0.2/js-23.0.2.jar:/Users/jonathanlukas/.m2/repository/org/graalvm/regex/regex/23.0.2/regex-23.0.2.jar:/Users/jonathanlukas/.m2/repository/org/graalvm/truffle/truffle-api/23.0.2/truffle-api-23.0.2.jar:/Users/jonathanlukas/.m2/repository/org/graalvm/sdk/graal-sdk/23.0.2/graal-sdk-23.0.2.jar:/Users/jonathanlukas/.m2/repository/com/ibm/icu/icu4j/72.1/icu4j-72.1.jar:/Users/jonathanlukas/.m2/repository/org/graalvm/js/js-scriptengine/23.0.2/js-scriptengine-23.0.2.jar:/Users/jonathanlukas/.m2/repository/org/jetbrains/kotlin/kotlin-scripting-jsr223/1.8.21/kotlin-scripting-jsr223-1.8.21.jar:/Users/jonathanlukas/.m2/repository/org/jetbrains/kotlin/kotlin-script-runtime/1.8.21/kotlin-script-runtime-1.8.21.jar:/Users/jonathanlukas/.m2/repository/org/jetbrains/kotlin/kotlin-stdlib/1.8.21/kotlin-stdlib-1.8.21.jar:/Users/jonathanlukas/.m2/repository/org/jetbrains/kotlin/kotlin-stdlib-common/1.8.21/kotlin-stdlib-common-1.8.21.jar:/Users/jonathanlukas/.m2/repository/org/jetbrains/annotations/13.0/annotations-13.0.jar:/Users/jonathanlukas/.m2/repository/org/jetbrains/kotlin/kotlin-scripting-common/1.8.21/kotlin-scripting-common-1.8.21.jar:/Users/jonathanlukas/.m2/repository/org/jetbrains/kotlin/kotlin-scripting-jvm/1.8.21/kotlin-scripting-jvm-1.8.21.jar:/Users/jonathanlukas/.m2/repository/org/jetbrains/kotlin/kotlin-scripting-jvm-host/1.8.21/kotlin-scripting-jvm-host-1.8.21.jar:/Users/jonathanlukas/.m2/repository/org/jetbrains/kotlin/kotlin-compiler-embeddable/1.8.21/kotlin-compiler-embeddable-1.8.21.jar:/Users/jonathanlukas/.m2/repository/org/jetbrains/kotlin/kotlin-reflect/1.8.21/kotlin-reflect-1.8.21.jar:/Users/jonathanlukas/.m2/repository/org/jetbrains/kotlin/kotlin-daemon-embeddable/1.8.21/kotlin-daemon-embeddable-1.8.21.jar:/Users/jonathanlukas/.m2/repository/org/jetbrains/intellij/deps/trove4j/1.0.20200330/trove4j-1.0.20200330.jar:/Users/jonathanlukas/.m2/repository/net/java/dev/jna/jna/5.6.0/jna-5.6.0.jar:/Users/jonathanlukas/.m2/repository/org/jetbrains/kotlin/kotlin-scripting-compiler-embeddable/1.8.21/kotlin-scripting-compiler-embeddable-1.8.21.jar:/Users/jonathanlukas/.m2/repository/org/jetbrains/kotlin/kotlin-scripting-compiler-impl-embeddable/1.8.21/kotlin-scripting-compiler-impl-embeddable-1.8.21.jar:/Users/jonathanlukas/.m2/repository/org/springframework/boot/spring-boot-starter-test/3.1.5/spring-boot-starter-test-3.1.5.jar:/Users/jonathanlukas/.m2/repository/org/springframework/boot/spring-boot-starter/3.1.5/spring-boot-starter-3.1.5.jar:/Users/jonathanlukas/.m2/repository/org/springframework/boot/spring-boot/3.1.5/spring-boot-3.1.5.jar:/Users/jonathanlukas/.m2/repository/org/springframework/spring-context/6.0.13/spring-context-6.0.13.jar:/Users/jonathanlukas/.m2/repository/org/springframework/boot/spring-boot-autoconfigure/3.1.5/spring-boot-autoconfigure-3.1.5.jar:/Users/jonathanlukas/.m2/repository/org/springframework/boot/spring-boot-starter-logging/3.1.5/spring-boot-starter-logging-3.1.5.jar:/Users/jonathanlukas/.m2/repository/ch/qos/logback/logback-classic/1.4.11/logback-classic-1.4.11.jar:/Users/jonathanlukas/.m2/repository/ch/qos/logback/logback-core/1.4.11/logback-core-1.4.11.jar:/Users/jonathanlukas/.m2/repository/org/apache/logging/log4j/log4j-to-slf4j/2.20.0/log4j-to-slf4j-2.20.0.jar:/Users/jonathanlukas/.m2/repository/org/apache/logging/log4j/log4j-api/2.20.0/log4j-api-2.20.0.jar:/Users/jonathanlukas/.m2/repository/org/slf4j/jul-to-slf4j/2.0.9/jul-to-slf4j-2.0.9.jar:/Users/jonathanlukas/.m2/repository/jakarta/annotation/jakarta.annotation-api/2.1.1/jakarta.annotation-api-2.1.1.jar:/Users/jonathanlukas/.m2/repository/org/yaml/snakeyaml/1.33/snakeyaml-1.33.jar:/Users/jonathanlukas/.m2/repository/org/springframework/boot/spring-boot-test/3.1.5/spring-boot-test-3.1.5.jar:/Users/jonathanlukas/.m2/repository/org/springframework/boot/spring-boot-test-autoconfigure/3.1.5/spring-boot-test-autoconfigure-3.1.5.jar:/Users/jonathanlukas/.m2/repository/com/jayway/jsonpath/json-path/2.8.0/json-path-2.8.0.jar:/Users/jonathanlukas/.m2/repository/jakarta/xml/bind/jakarta.xml.bind-api/4.0.1/jakarta.xml.bind-api-4.0.1.jar:/Users/jonathanlukas/.m2/repository/jakarta/activation/jakarta.activation-api/2.1.2/jakarta.activation-api-2.1.2.jar:/Users/jonathanlukas/.m2/repository/net/minidev/json-smart/2.4.11/json-smart-2.4.11.jar:/Users/jonathanlukas/.m2/repository/net/minidev/accessors-smart/2.4.11/accessors-smart-2.4.11.jar:/Users/jonathanlukas/.m2/repository/org/ow2/asm/asm/9.3/asm-9.3.jar:/Users/jonathanlukas/.m2/repository/org/hamcrest/hamcrest/2.2/hamcrest-2.2.jar:/Users/jonathanlukas/.m2/repository/org/mockito/mockito-core/5.3.1/mockito-core-5.3.1.jar:/Users/jonathanlukas/.m2/repository/net/bytebuddy/byte-buddy-agent/1.14.9/byte-buddy-agent-1.14.9.jar:/Users/jonathanlukas/.m2/repository/org/objenesis/objenesis/3.3/objenesis-3.3.jar:/Users/jonathanlukas/.m2/repository/org/mockito/mockito-junit-jupiter/5.3.1/mockito-junit-jupiter-5.3.1.jar:/Users/jonathanlukas/.m2/repository/org/skyscreamer/jsonassert/1.5.1/jsonassert-1.5.1.jar:/Users/jonathanlukas/.m2/repository/com/vaadin/external/google/android-json/0.0.20131108.vaadin1/android-json-0.0.20131108.vaadin1.jar:/Users/jonathanlukas/.m2/repository/org/springframework/spring-core/6.0.13/spring-core-6.0.13.jar:/Users/jonathanlukas/.m2/repository/org/springframework/spring-jcl/6.0.13/spring-jcl-6.0.13.jar:/Users/jonathanlukas/.m2/repository/org/springframework/spring-test/6.0.13/spring-test-6.0.13.jar:/Users/jonathanlukas/.m2/repository/org/xmlunit/xmlunit-core/2.9.1/xmlunit-core-2.9.1.jar:/Users/jonathanlukas/.m2/repository/org/junit/jupiter/junit-jupiter/5.9.3/junit-jupiter-5.9.3.jar:/Users/jonathanlukas/.m2/repository/org/junit/jupiter/junit-jupiter-api/5.9.3/junit-jupiter-api-5.9.3.jar:/Users/jonathanlukas/.m2/repository/org/opentest4j/opentest4j/1.2.0/opentest4j-1.2.0.jar:/Users/jonathanlukas/.m2/repository/org/junit/platform/junit-platform-commons/1.9.3/junit-platform-commons-1.9.3.jar:/Users/jonathanlukas/.m2/repository/org/apiguardian/apiguardian-api/1.1.2/apiguardian-api-1.1.2.jar:/Users/jonathanlukas/.m2/repository/org/junit/jupiter/junit-jupiter-params/5.9.3/junit-jupiter-params-5.9.3.jar:/Users/jonathanlukas/.m2/repository/org/junit/jupiter/junit-jupiter-engine/5.9.3/junit-jupiter-engine-5.9.3.jar:/Users/jonathanlukas/.m2/repository/org/junit/platform/junit-platform-engine/1.9.3/junit-platform-engine-1.9.3.jar:/Users/jonathanlukas/.m2/repository/org/assertj/assertj-core/3.24.2/assertj-core-3.24.2.jar:/Users/jonathanlukas/.m2/repository/net/bytebuddy/byte-buddy/1.14.9/byte-buddy-1.14.9.jar:/Users/jonathanlukas/.m2/repository/io/camunda/spring/spring-boot-starter-camunda-test/8.3.0/spring-boot-starter-camunda-test-8.3.0.jar:/Users/jonathanlukas/.m2/repository/io/camunda/spring/spring-boot-starter-camunda-test-common/8.3.0/spring-boot-starter-camunda-test-common-8.3.0.jar:/Users/jonathanlukas/.m2/repository/org/awaitility/awaitility/4.2.0/awaitility-4.2.0.jar:/Users/jonathanlukas/.m2/repository/io/camunda/zeebe-process-test-extension/8.3.0/zeebe-process-test-extension-8.3.0.jar:/Users/jonathanlukas/.m2/repository/io/camunda/zeebe-process-test-engine/8.3.0/zeebe-process-test-engine-8.3.0.jar:/Users/jonathanlukas/.m2/repository/io/camunda/zeebe-workflow-engine/8.3.0/zeebe-workflow-engine-8.3.0.jar:/Users/jonathanlukas/.m2/repository/io/camunda/zeebe-stream-platform/8.3.0/zeebe-stream-platform-8.3.0.jar:/Users/jonathanlukas/.m2/repository/io/camunda/zeebe-scheduler/8.3.0/zeebe-scheduler-8.3.0.jar:/Users/jonathanlukas/.m2/repository/io/camunda/zeebe-msgpack-core/8.3.0/zeebe-msgpack-core-8.3.0.jar:/Users/jonathanlukas/.m2/repository/io/camunda/zeebe-expression-language/8.3.0/zeebe-expression-language-8.3.0.jar:/Users/jonathanlukas/.m2/repository/io/camunda/zeebe-feel-integration/8.3.0/zeebe-feel-integration-8.3.0.jar:/Users/jonathanlukas/.m2/repository/org/scala-lang/scala-library/2.13.12/scala-library-2.13.12.jar:/Users/jonathanlukas/.m2/repository/io/camunda/zeebe-dmn/8.3.0/zeebe-dmn-8.3.0.jar:/Users/jonathanlukas/.m2/repository/org/camunda/bpm/extension/dmn/scala/dmn-engine/1.9.0/dmn-engine-1.9.0.jar:/Users/jonathanlukas/.m2/repository/org/camunda/bpm/model/camunda-dmn-model/7.19.0/camunda-dmn-model-7.19.0.jar:/Users/jonathanlukas/.m2/repository/io/camunda/zeebe-auth/8.3.0/zeebe-auth-8.3.0.jar:/Users/jonathanlukas/.m2/repository/com/auth0/java-jwt/4.4.0/java-jwt-4.4.0.jar:/Users/jonathanlukas/.m2/repository/io/prometheus/simpleclient/0.16.0/simpleclient-0.16.0.jar:/Users/jonathanlukas/.m2/repository/io/prometheus/simpleclient_tracer_otel/0.16.0/simpleclient_tracer_otel-0.16.0.jar:/Users/jonathanlukas/.m2/repository/io/prometheus/simpleclient_tracer_common/0.16.0/simpleclient_tracer_common-0.16.0.jar:/Users/jonathanlukas/.m2/repository/io/prometheus/simpleclient_tracer_otel_agent/0.16.0/simpleclient_tracer_otel_agent-0.16.0.jar:/Users/jonathanlukas/.m2/repository/org/apache/commons/commons-text/1.10.0/commons-text-1.10.0.jar:/Users/jonathanlukas/.m2/repository/org/apache/commons/commons-lang3/3.12.0/commons-lang3-3.12.0.jar:/Users/jonathanlukas/.m2/repository/com/cronutils/cron-utils/9.2.1/cron-utils-9.2.1.jar:/Users/jonathanlukas/.m2/repository/com/google/guava/guava/32.1.2-jre/guava-32.1.2-jre.jar:/Users/jonathanlukas/.m2/repository/com/google/guava/failureaccess/1.0.1/failureaccess-1.0.1.jar:/Users/jonathanlukas/.m2/repository/com/google/guava/listenablefuture/9999.0-empty-to-avoid-conflict-with-guava/listenablefuture-9999.0-empty-to-avoid-conflict-with-guava.jar:/Users/jonathanlukas/.m2/repository/org/checkerframework/checker-qual/3.33.0/checker-qual-3.33.0.jar:/Users/jonathanlukas/.m2/repository/com/google/j2objc/j2objc-annotations/2.8/j2objc-annotations-2.8.jar:/Users/jonathanlukas/.m2/repository/org/camunda/feel/feel-engine/1.17.0/feel-engine-1.17.0.jar:/Users/jonathanlukas/.m2/repository/com/lihaoyi/fastparse_2.13/3.0.2/fastparse_2.13-3.0.2.jar:/Users/jonathanlukas/.m2/repository/com/lihaoyi/sourcecode_2.13/0.3.0/sourcecode_2.13-0.3.0.jar:/Users/jonathanlukas/.m2/repository/com/lihaoyi/geny_2.13/1.0.0/geny_2.13-1.0.0.jar:/Users/jonathanlukas/.m2/repository/io/camunda/zeebe-util/8.3.0/zeebe-util-8.3.0.jar:/Users/jonathanlukas/.m2/repository/org/apache/logging/log4j/log4j-core/2.20.0/log4j-core-2.20.0.jar:/Users/jonathanlukas/.m2/repository/io/camunda/zeebe-logstreams/8.3.0/zeebe-logstreams-8.3.0.jar:/Users/jonathanlukas/.m2/repository/com/netflix/concurrency-limits/concurrency-limits-core/0.4.0/concurrency-limits-core-0.4.0.jar:/Users/jonathanlukas/.m2/repository/io/camunda/zeebe-msgpack-value/8.3.0/zeebe-msgpack-value-8.3.0.jar:/Users/jonathanlukas/.m2/repository/io/camunda/zeebe-protocol/8.3.0/zeebe-protocol-8.3.0.jar:/Users/jonathanlukas/.m2/repository/io/camunda/zeebe-protocol-impl/8.3.0/zeebe-protocol-impl-8.3.0.jar:/Users/jonathanlukas/.m2/repository/org/msgpack/jackson-dataformat-msgpack/0.9.6/jackson-dataformat-msgpack-0.9.6.jar:/Users/jonathanlukas/.m2/repository/org/msgpack/msgpack-core/0.9.6/msgpack-core-0.9.6.jar:/Users/jonathanlukas/.m2/repository/io/camunda/zeebe-db/8.3.0/zeebe-db-8.3.0.jar:/Users/jonathanlukas/.m2/repository/org/rocksdb/rocksdbjni/8.5.3/rocksdbjni-8.5.3.jar:/Users/jonathanlukas/.m2/repository/com/google/api/grpc/proto-google-common-protos/2.25.1/proto-google-common-protos-2.25.1.jar:/Users/jonathanlukas/.m2/repository/org/agrona/agrona/1.19.2/agrona-1.19.2.jar:/Users/jonathanlukas/.m2/repository/com/google/protobuf/protobuf-java/3.24.3/protobuf-java-3.24.3.jar:/Users/jonathanlukas/.m2/repository/io/grpc/grpc-protobuf/1.58.0/grpc-protobuf-1.58.0.jar:/Users/jonathanlukas/.m2/repository/com/google/code/findbugs/jsr305/3.0.2/jsr305-3.0.2.jar:/Users/jonathanlukas/.m2/repository/io/grpc/grpc-protobuf-lite/1.58.0/grpc-protobuf-lite-1.58.0.jar:/Users/jonathanlukas/.m2/repository/io/grpc/grpc-api/1.58.0/grpc-api-1.58.0.jar:/Users/jonathanlukas/.m2/repository/com/google/errorprone/error_prone_annotations/2.20.0/error_prone_annotations-2.20.0.jar:/Users/jonathanlukas/.m2/repository/io/camunda/zeebe-gateway-protocol-impl/8.3.0/zeebe-gateway-protocol-impl-8.3.0.jar:/Users/jonathanlukas/.m2/repository/io/grpc/grpc-stub/1.58.0/grpc-stub-1.58.0.jar:/Users/jonathanlukas/.m2/repository/io/camunda/zeebe-process-test-assertions/8.3.0/zeebe-process-test-assertions-8.3.0.jar:/Users/jonathanlukas/.m2/repository/org/camunda/bpm/model/camunda-xml-model/7.19.0/camunda-xml-model-7.19.0.jar:/Users/jonathanlukas/.m2/repository/io/camunda/zeebe-bpmn-model/8.3.0/zeebe-bpmn-model-8.3.0.jar:/Users/jonathanlukas/.m2/repository/io/camunda/zeebe-client-java/8.3.0/zeebe-client-java-8.3.0.jar:/Users/jonathanlukas/.m2/repository/io/grpc/grpc-core/1.58.0/grpc-core-1.58.0.jar:/Users/jonathanlukas/.m2/repository/com/google/code/gson/gson/2.10.1/gson-2.10.1.jar:/Users/jonathanlukas/.m2/repository/com/google/android/annotations/4.1.1.4/annotations-4.1.1.4.jar:/Users/jonathanlukas/.m2/repository/org/codehaus/mojo/animal-sniffer-annotations/1.23/animal-sniffer-annotations-1.23.jar:/Users/jonathanlukas/.m2/repository/io/perfmark/perfmark-api/0.26.0/perfmark-api-0.26.0.jar:/Users/jonathanlukas/.m2/repository/io/grpc/grpc-context/1.58.0/grpc-context-1.58.0.jar:/Users/jonathanlukas/.m2/repository/io/grpc/grpc-netty/1.58.0/grpc-netty-1.58.0.jar:/Users/jonathanlukas/.m2/repository/io/netty/netty-codec-http2/4.1.100.Final/netty-codec-http2-4.1.100.Final.jar:/Users/jonathanlukas/.m2/repository/io/netty/netty-codec-http/4.1.100.Final/netty-codec-http-4.1.100.Final.jar:/Users/jonathanlukas/.m2/repository/io/netty/netty-handler-proxy/4.1.100.Final/netty-handler-proxy-4.1.100.Final.jar:/Users/jonathanlukas/.m2/repository/io/netty/netty-codec-socks/4.1.100.Final/netty-codec-socks-4.1.100.Final.jar:/Users/jonathanlukas/.m2/repository/io/netty/netty-transport-native-unix-common/4.1.100.Final/netty-transport-native-unix-common-4.1.100.Final.jar:/Users/jonathanlukas/.m2/repository/io/grpc/grpc-util/1.58.0/grpc-util-1.58.0.jar:/Users/jonathanlukas/.m2/repository/io/netty/netty-tcnative-boringssl-static/2.0.61.Final/netty-tcnative-boringssl-static-2.0.61.Final.jar:/Users/jonathanlukas/.m2/repository/io/netty/netty-tcnative-classes/2.0.61.Final/netty-tcnative-classes-2.0.61.Final.jar:/Users/jonathanlukas/.m2/repository/io/netty/netty-tcnative-boringssl-static/2.0.61.Final/netty-tcnative-boringssl-static-2.0.61.Final-linux-x86_64.jar:/Users/jonathanlukas/.m2/repository/io/netty/netty-tcnative-boringssl-static/2.0.61.Final/netty-tcnative-boringssl-static-2.0.61.Final-linux-aarch_64.jar:/Users/jonathanlukas/.m2/repository/io/netty/netty-tcnative-boringssl-static/2.0.61.Final/netty-tcnative-boringssl-static-2.0.61.Final-osx-x86_64.jar:/Users/jonathanlukas/.m2/repository/io/netty/netty-tcnative-boringssl-static/2.0.61.Final/netty-tcnative-boringssl-static-2.0.61.Final-osx-aarch_64.jar:/Users/jonathanlukas/.m2/repository/io/netty/netty-tcnative-boringssl-static/2.0.61.Final/netty-tcnative-boringssl-static-2.0.61.Final-windows-x86_64.jar:/Users/jonathanlukas/.m2/repository/io/netty/netty-handler/4.1.100.Final/netty-handler-4.1.100.Final.jar:/Users/jonathanlukas/.m2/repository/io/netty/netty-resolver/4.1.100.Final/netty-resolver-4.1.100.Final.jar:/Users/jonathanlukas/.m2/repository/io/netty/netty-buffer/4.1.100.Final/netty-buffer-4.1.100.Final.jar:/Users/jonathanlukas/.m2/repository/io/netty/netty-transport/4.1.100.Final/netty-transport-4.1.100.Final.jar:/Users/jonathanlukas/.m2/repository/io/netty/netty-codec/4.1.100.Final/netty-codec-4.1.100.Final.jar:/Users/jonathanlukas/.m2/repository/io/netty/netty-common/4.1.100.Final/netty-common-4.1.100.Final.jar:/Users/jonathanlukas/.m2/repository/com/fasterxml/jackson/dataformat/jackson-dataformat-yaml/2.15.3/jackson-dataformat-yaml-2.15.3.jar:/Users/jonathanlukas/.m2/repository/io/camunda/zeebe-process-test-filters/8.3.0/zeebe-process-test-filters-8.3.0.jar:/Users/jonathanlukas/.m2/repository/io/camunda/zeebe-process-test-api/8.3.0/zeebe-process-test-api-8.3.0.jar:/Users/jonathanlukas/.m2/repository/io/camunda/connector/spring-boot-starter-camunda-connectors/8.3.0/spring-boot-starter-camunda-connectors-8.3.0.jar:/Users/jonathanlukas/.m2/repository/io/camunda/connector/connector-runtime-spring/8.3.0/connector-runtime-spring-8.3.0.jar:/Users/jonathanlukas/.m2/repository/io/camunda/spring/spring-client-zeebe/8.3.0-rc3/spring-client-zeebe-8.3.0-rc3.jar:/Users/jonathanlukas/.m2/repository/io/camunda/spring/spring-client-common/8.3.0-rc3/spring-client-common-8.3.0-rc3.jar:/Users/jonathanlukas/.m2/repository/io/camunda/spring/spring-client-annotations/8.3.0-rc3/spring-client-annotations-8.3.0-rc3.jar:/Users/jonathanlukas/.m2/repository/commons-beanutils/commons-beanutils/1.9.4/commons-beanutils-1.9.4.jar:/Users/jonathanlukas/.m2/repository/commons-logging/commons-logging/1.2/commons-logging-1.2.jar:/Users/jonathanlukas/.m2/repository/commons-collections/commons-collections/3.2.2/commons-collections-3.2.2.jar:/Users/jonathanlukas/.m2/repository/io/camunda/connector/connector-runtime-core/8.3.0/connector-runtime-core-8.3.0.jar:/Users/jonathanlukas/.m2/repository/io/camunda/connector/jackson-datatype-feel/8.3.0/jackson-datatype-feel-8.3.0.jar:/Users/jonathanlukas/.m2/repository/com/fasterxml/jackson/module/jackson-module-scala_3/2.15.3/jackson-module-scala_3-2.15.3.jar:/Users/jonathanlukas/.m2/repository/org/scala-lang/scala3-library_3/3.2.2/scala3-library_3-3.2.2.jar:/Users/jonathanlukas/.m2/repository/com/thoughtworks/paranamer/paranamer/2.8/paranamer-2.8.jar:/Users/jonathanlukas/.m2/repository/io/camunda/connector/connector-validation/8.3.0/connector-validation-8.3.0.jar:/Users/jonathanlukas/.m2/repository/org/hibernate/validator/hibernate-validator/8.0.1.Final/hibernate-validator-8.0.1.Final.jar:/Users/jonathanlukas/.m2/repository/jakarta/validation/jakarta.validation-api/3.0.2/jakarta.validation-api-3.0.2.jar:/Users/jonathanlukas/.m2/repository/org/jboss/logging/jboss-logging/3.5.3.Final/jboss-logging-3.5.3.Final.jar:/Users/jonathanlukas/.m2/repository/com/fasterxml/classmate/1.5.1/classmate-1.5.1.jar:/Users/jonathanlukas/.m2/repository/io/camunda/spring/spring-boot-starter-camunda/8.3.0-rc3/spring-boot-starter-camunda-8.3.0-rc3.jar:/Users/jonathanlukas/.m2/repository/org/springframework/boot/spring-boot-starter-json/3.1.5/spring-boot-starter-json-3.1.5.jar:/Users/jonathanlukas/.m2/repository/com/fasterxml/jackson/datatype/jackson-datatype-jdk8/2.15.3/jackson-datatype-jdk8-2.15.3.jar:/Users/jonathanlukas/.m2/repository/com/fasterxml/jackson/datatype/jackson-datatype-jsr310/2.15.3/jackson-datatype-jsr310-2.15.3.jar:/Users/jonathanlukas/.m2/repository/com/fasterxml/jackson/module/jackson-module-parameter-names/2.15.3/jackson-module-parameter-names-2.15.3.jar:/Users/jonathanlukas/.m2/repository/io/github/resilience4j/resilience4j-retry/2.1.0/resilience4j-retry-2.1.0.jar:/Users/jonathanlukas/.m2/repository/io/github/resilience4j/resilience4j-core/2.1.0/resilience4j-core-2.1.0.jar:/Users/jonathanlukas/.m2/repository/io/camunda/camunda-operate-client-java/8.3.0/camunda-operate-client-java-8.3.0.jar:/Users/jonathanlukas/.m2/repository/org/apache/httpcomponents/client5/httpclient5/5.2.1/httpclient5-5.2.1.jar:/Users/jonathanlukas/.m2/repository/org/apache/httpcomponents/core5/httpcore5/5.2.3/httpcore5-5.2.3.jar:/Users/jonathanlukas/.m2/repository/org/apache/httpcomponents/core5/httpcore5-h2/5.2.3/httpcore5-h2-5.2.3.jar:/Users/jonathanlukas/.m2/repository/org/apache/httpcomponents/client5/httpclient5-fluent/5.2.1/httpclient5-fluent-5.2.1.jar:/Users/jonathanlukas/.m2/repository/org/springframework/boot/spring-boot-starter-web/3.1.5/spring-boot-starter-web-3.1.5.jar:/Users/jonathanlukas/.m2/repository/org/springframework/boot/spring-boot-starter-tomcat/3.1.5/spring-boot-starter-tomcat-3.1.5.jar:/Users/jonathanlukas/.m2/repository/org/apache/tomcat/embed/tomcat-embed-core/10.1.15/tomcat-embed-core-10.1.15.jar:/Users/jonathanlukas/.m2/repository/org/apache/tomcat/embed/tomcat-embed-el/10.1.15/tomcat-embed-el-10.1.15.jar:/Users/jonathanlukas/.m2/repository/org/apache/tomcat/embed/tomcat-embed-websocket/10.1.15/tomcat-embed-websocket-10.1.15.jar:/Users/jonathanlukas/.m2/repository/org/springframework/spring-web/6.0.13/spring-web-6.0.13.jar:/Users/jonathanlukas/.m2/repository/org/springframework/spring-beans/6.0.13/spring-beans-6.0.13.jar:/Users/jonathanlukas/.m2/repository/org/springframework/spring-webmvc/6.0.13/spring-webmvc-6.0.13.jar:/Users/jonathanlukas/.m2/repository/org/springframework/spring-aop/6.0.13/spring-aop-6.0.13.jar:/Users/jonathanlukas/.m2/repository/org/springframework/spring-expression/6.0.13/spring-expression-6.0.13.jar:/Users/jonathanlukas/.m2/repository/org/springframework/boot/spring-boot-starter-actuator/3.1.5/spring-boot-starter-actuator-3.1.5.jar:/Users/jonathanlukas/.m2/repository/org/springframework/boot/spring-boot-actuator-autoconfigure/3.1.5/spring-boot-actuator-autoconfigure-3.1.5.jar:/Users/jonathanlukas/.m2/repository/org/springframework/boot/spring-boot-actuator/3.1.5/spring-boot-actuator-3.1.5.jar:/Users/jonathanlukas/.m2/repository/io/micrometer/micrometer-observation/1.11.5/micrometer-observation-1.11.5.jar:/Users/jonathanlukas/.m2/repository/io/micrometer/micrometer-commons/1.11.5/micrometer-commons-1.11.5.jar:/Users/jonathanlukas/.m2/repository/io/micrometer/micrometer-core/1.11.5/micrometer-core-1.11.5.jar:/Users/jonathanlukas/.m2/repository/org/hdrhistogram/HdrHistogram/2.1.12/HdrHistogram-2.1.12.jar:/Users/jonathanlukas/.m2/repository/org/latencyutils/LatencyUtils/2.0.3/LatencyUtils-2.0.3.jar:"/>
    <property name="java.vm.vendor" value="Eclipse Adoptium"/>
    <property name="sun.arch.data.model" value="64"/>
    <property name="java.vendor.url" value="https://adoptium.net/"/>
    <property name="user.timezone" value="Europe/Berlin"/>
    <property name="idea.ignore.disabled.plugins" value="true"/>
    <property name="psi.track.invalidation" value="true"/>
    <property name="os.name" value="Mac OS X"/>
    <property name="java.vm.specification.version" value="21"/>
    <property name="sun.java.launcher" value="SUN_STANDARD"/>
    <property name="user.country" value="DE"/>
    <property name="sun.boot.library.path" value="/Library/Java/JavaVirtualMachines/temurin-21.jdk/Contents/Home/lib"/>
    <property name="sun.java.command" value="/Users/jonathanlukas/git/camunda/zeebe-script-worker/connector/target/surefire/surefirebooter-20231027095719362_3.jar /Users/jonathanlukas/git/camunda/zeebe-script-worker/connector/target/surefire 2023-10-27T09-57-19_290-jvmRun1 surefire-20231027095719362_1tmp surefire_0-20231027095719362_2tmp"/>
    <property name="http.nonProxyHosts" value="local|*.local|169.254/16|*.169.254/16"/>
    <property name="jdk.debug" value="release"/>
    <property name="surefire.test.class.path" value="/Users/jonathanlukas/git/camunda/zeebe-script-worker/connector/target/test-classes:/Users/jonathanlukas/git/camunda/zeebe-script-worker/connector/target/classes:/Users/jonathanlukas/.m2/repository/io/camunda/connector/connector-core/8.3.0/connector-core-8.3.0.jar:/Users/jonathanlukas/.m2/repository/org/slf4j/slf4j-api/2.0.9/slf4j-api-2.0.9.jar:/Users/jonathanlukas/.m2/repository/com/fasterxml/jackson/core/jackson-databind/2.15.3/jackson-databind-2.15.3.jar:/Users/jonathanlukas/.m2/repository/com/fasterxml/jackson/core/jackson-annotations/2.15.3/jackson-annotations-2.15.3.jar:/Users/jonathanlukas/.m2/repository/com/fasterxml/jackson/core/jackson-core/2.15.3/jackson-core-2.15.3.jar:/Users/jonathanlukas/.m2/repository/com/samskivert/jmustache/1.15/jmustache-1.15.jar:/Users/jonathanlukas/.m2/repository/org/codehaus/groovy/groovy-all/2.4.21/groovy-all-2.4.21.jar:/Users/jonathanlukas/.m2/repository/org/graalvm/js/js/23.0.2/js-23.0.2.jar:/Users/jonathanlukas/.m2/repository/org/graalvm/regex/regex/23.0.2/regex-23.0.2.jar:/Users/jonathanlukas/.m2/repository/org/graalvm/truffle/truffle-api/23.0.2/truffle-api-23.0.2.jar:/Users/jonathanlukas/.m2/repository/org/graalvm/sdk/graal-sdk/23.0.2/graal-sdk-23.0.2.jar:/Users/jonathanlukas/.m2/repository/com/ibm/icu/icu4j/72.1/icu4j-72.1.jar:/Users/jonathanlukas/.m2/repository/org/graalvm/js/js-scriptengine/23.0.2/js-scriptengine-23.0.2.jar:/Users/jonathanlukas/.m2/repository/org/jetbrains/kotlin/kotlin-scripting-jsr223/1.8.21/kotlin-scripting-jsr223-1.8.21.jar:/Users/jonathanlukas/.m2/repository/org/jetbrains/kotlin/kotlin-script-runtime/1.8.21/kotlin-script-runtime-1.8.21.jar:/Users/jonathanlukas/.m2/repository/org/jetbrains/kotlin/kotlin-stdlib/1.8.21/kotlin-stdlib-1.8.21.jar:/Users/jonathanlukas/.m2/repository/org/jetbrains/kotlin/kotlin-stdlib-common/1.8.21/kotlin-stdlib-common-1.8.21.jar:/Users/jonathanlukas/.m2/repository/org/jetbrains/annotations/13.0/annotations-13.0.jar:/Users/jonathanlukas/.m2/repository/org/jetbrains/kotlin/kotlin-scripting-common/1.8.21/kotlin-scripting-common-1.8.21.jar:/Users/jonathanlukas/.m2/repository/org/jetbrains/kotlin/kotlin-scripting-jvm/1.8.21/kotlin-scripting-jvm-1.8.21.jar:/Users/jonathanlukas/.m2/repository/org/jetbrains/kotlin/kotlin-scripting-jvm-host/1.8.21/kotlin-scripting-jvm-host-1.8.21.jar:/Users/jonathanlukas/.m2/repository/org/jetbrains/kotlin/kotlin-compiler-embeddable/1.8.21/kotlin-compiler-embeddable-1.8.21.jar:/Users/jonathanlukas/.m2/repository/org/jetbrains/kotlin/kotlin-reflect/1.8.21/kotlin-reflect-1.8.21.jar:/Users/jonathanlukas/.m2/repository/org/jetbrains/kotlin/kotlin-daemon-embeddable/1.8.21/kotlin-daemon-embeddable-1.8.21.jar:/Users/jonathanlukas/.m2/repository/org/jetbrains/intellij/deps/trove4j/1.0.20200330/trove4j-1.0.20200330.jar:/Users/jonathanlukas/.m2/repository/net/java/dev/jna/jna/5.6.0/jna-5.6.0.jar:/Users/jonathanlukas/.m2/repository/org/jetbrains/kotlin/kotlin-scripting-compiler-embeddable/1.8.21/kotlin-scripting-compiler-embeddable-1.8.21.jar:/Users/jonathanlukas/.m2/repository/org/jetbrains/kotlin/kotlin-scripting-compiler-impl-embeddable/1.8.21/kotlin-scripting-compiler-impl-embeddable-1.8.21.jar:/Users/jonathanlukas/.m2/repository/org/springframework/boot/spring-boot-starter-test/3.1.5/spring-boot-starter-test-3.1.5.jar:/Users/jonathanlukas/.m2/repository/org/springframework/boot/spring-boot-starter/3.1.5/spring-boot-starter-3.1.5.jar:/Users/jonathanlukas/.m2/repository/org/springframework/boot/spring-boot/3.1.5/spring-boot-3.1.5.jar:/Users/jonathanlukas/.m2/repository/org/springframework/spring-context/6.0.13/spring-context-6.0.13.jar:/Users/jonathanlukas/.m2/repository/org/springframework/boot/spring-boot-autoconfigure/3.1.5/spring-boot-autoconfigure-3.1.5.jar:/Users/jonathanlukas/.m2/repository/org/springframework/boot/spring-boot-starter-logging/3.1.5/spring-boot-starter-logging-3.1.5.jar:/Users/jonathanlukas/.m2/repository/ch/qos/logback/logback-classic/1.4.11/logback-classic-1.4.11.jar:/Users/jonathanlukas/.m2/repository/ch/qos/logback/logback-core/1.4.11/logback-core-1.4.11.jar:/Users/jonathanlukas/.m2/repository/org/apache/logging/log4j/log4j-to-slf4j/2.20.0/log4j-to-slf4j-2.20.0.jar:/Users/jonathanlukas/.m2/repository/org/apache/logging/log4j/log4j-api/2.20.0/log4j-api-2.20.0.jar:/Users/jonathanlukas/.m2/repository/org/slf4j/jul-to-slf4j/2.0.9/jul-to-slf4j-2.0.9.jar:/Users/jonathanlukas/.m2/repository/jakarta/annotation/jakarta.annotation-api/2.1.1/jakarta.annotation-api-2.1.1.jar:/Users/jonathanlukas/.m2/repository/org/yaml/snakeyaml/1.33/snakeyaml-1.33.jar:/Users/jonathanlukas/.m2/repository/org/springframework/boot/spring-boot-test/3.1.5/spring-boot-test-3.1.5.jar:/Users/jonathanlukas/.m2/repository/org/springframework/boot/spring-boot-test-autoconfigure/3.1.5/spring-boot-test-autoconfigure-3.1.5.jar:/Users/jonathanlukas/.m2/repository/com/jayway/jsonpath/json-path/2.8.0/json-path-2.8.0.jar:/Users/jonathanlukas/.m2/repository/jakarta/xml/bind/jakarta.xml.bind-api/4.0.1/jakarta.xml.bind-api-4.0.1.jar:/Users/jonathanlukas/.m2/repository/jakarta/activation/jakarta.activation-api/2.1.2/jakarta.activation-api-2.1.2.jar:/Users/jonathanlukas/.m2/repository/net/minidev/json-smart/2.4.11/json-smart-2.4.11.jar:/Users/jonathanlukas/.m2/repository/net/minidev/accessors-smart/2.4.11/accessors-smart-2.4.11.jar:/Users/jonathanlukas/.m2/repository/org/ow2/asm/asm/9.3/asm-9.3.jar:/Users/jonathanlukas/.m2/repository/org/hamcrest/hamcrest/2.2/hamcrest-2.2.jar:/Users/jonathanlukas/.m2/repository/org/mockito/mockito-core/5.3.1/mockito-core-5.3.1.jar:/Users/jonathanlukas/.m2/repository/net/bytebuddy/byte-buddy-agent/1.14.9/byte-buddy-agent-1.14.9.jar:/Users/jonathanlukas/.m2/repository/org/objenesis/objenesis/3.3/objenesis-3.3.jar:/Users/jonathanlukas/.m2/repository/org/mockito/mockito-junit-jupiter/5.3.1/mockito-junit-jupiter-5.3.1.jar:/Users/jonathanlukas/.m2/repository/org/skyscreamer/jsonassert/1.5.1/jsonassert-1.5.1.jar:/Users/jonathanlukas/.m2/repository/com/vaadin/external/google/android-json/0.0.20131108.vaadin1/android-json-0.0.20131108.vaadin1.jar:/Users/jonathanlukas/.m2/repository/org/springframework/spring-core/6.0.13/spring-core-6.0.13.jar:/Users/jonathanlukas/.m2/repository/org/springframework/spring-jcl/6.0.13/spring-jcl-6.0.13.jar:/Users/jonathanlukas/.m2/repository/org/springframework/spring-test/6.0.13/spring-test-6.0.13.jar:/Users/jonathanlukas/.m2/repository/org/xmlunit/xmlunit-core/2.9.1/xmlunit-core-2.9.1.jar:/Users/jonathanlukas/.m2/repository/org/junit/jupiter/junit-jupiter/5.9.3/junit-jupiter-5.9.3.jar:/Users/jonathanlukas/.m2/repository/org/junit/jupiter/junit-jupiter-api/5.9.3/junit-jupiter-api-5.9.3.jar:/Users/jonathanlukas/.m2/repository/org/opentest4j/opentest4j/1.2.0/opentest4j-1.2.0.jar:/Users/jonathanlukas/.m2/repository/org/junit/platform/junit-platform-commons/1.9.3/junit-platform-commons-1.9.3.jar:/Users/jonathanlukas/.m2/repository/org/apiguardian/apiguardian-api/1.1.2/apiguardian-api-1.1.2.jar:/Users/jonathanlukas/.m2/repository/org/junit/jupiter/junit-jupiter-params/5.9.3/junit-jupiter-params-5.9.3.jar:/Users/jonathanlukas/.m2/repository/org/junit/jupiter/junit-jupiter-engine/5.9.3/junit-jupiter-engine-5.9.3.jar:/Users/jonathanlukas/.m2/repository/org/junit/platform/junit-platform-engine/1.9.3/junit-platform-engine-1.9.3.jar:/Users/jonathanlukas/.m2/repository/org/assertj/assertj-core/3.24.2/assertj-core-3.24.2.jar:/Users/jonathanlukas/.m2/repository/net/bytebuddy/byte-buddy/1.14.9/byte-buddy-1.14.9.jar:/Users/jonathanlukas/.m2/repository/io/camunda/spring/spring-boot-starter-camunda-test/8.3.0/spring-boot-starter-camunda-test-8.3.0.jar:/Users/jonathanlukas/.m2/repository/io/camunda/spring/spring-boot-starter-camunda-test-common/8.3.0/spring-boot-starter-camunda-test-common-8.3.0.jar:/Users/jonathanlukas/.m2/repository/org/awaitility/awaitility/4.2.0/awaitility-4.2.0.jar:/Users/jonathanlukas/.m2/repository/io/camunda/zeebe-process-test-extension/8.3.0/zeebe-process-test-extension-8.3.0.jar:/Users/jonathanlukas/.m2/repository/io/camunda/zeebe-process-test-engine/8.3.0/zeebe-process-test-engine-8.3.0.jar:/Users/jonathanlukas/.m2/repository/io/camunda/zeebe-workflow-engine/8.3.0/zeebe-workflow-engine-8.3.0.jar:/Users/jonathanlukas/.m2/repository/io/camunda/zeebe-stream-platform/8.3.0/zeebe-stream-platform-8.3.0.jar:/Users/jonathanlukas/.m2/repository/io/camunda/zeebe-scheduler/8.3.0/zeebe-scheduler-8.3.0.jar:/Users/jonathanlukas/.m2/repository/io/camunda/zeebe-msgpack-core/8.3.0/zeebe-msgpack-core-8.3.0.jar:/Users/jonathanlukas/.m2/repository/io/camunda/zeebe-expression-language/8.3.0/zeebe-expression-language-8.3.0.jar:/Users/jonathanlukas/.m2/repository/io/camunda/zeebe-feel-integration/8.3.0/zeebe-feel-integration-8.3.0.jar:/Users/jonathanlukas/.m2/repository/org/scala-lang/scala-library/2.13.12/scala-library-2.13.12.jar:/Users/jonathanlukas/.m2/repository/io/camunda/zeebe-dmn/8.3.0/zeebe-dmn-8.3.0.jar:/Users/jonathanlukas/.m2/repository/org/camunda/bpm/extension/dmn/scala/dmn-engine/1.9.0/dmn-engine-1.9.0.jar:/Users/jonathanlukas/.m2/repository/org/camunda/bpm/model/camunda-dmn-model/7.19.0/camunda-dmn-model-7.19.0.jar:/Users/jonathanlukas/.m2/repository/io/camunda/zeebe-auth/8.3.0/zeebe-auth-8.3.0.jar:/Users/jonathanlukas/.m2/repository/com/auth0/java-jwt/4.4.0/java-jwt-4.4.0.jar:/Users/jonathanlukas/.m2/repository/io/prometheus/simpleclient/0.16.0/simpleclient-0.16.0.jar:/Users/jonathanlukas/.m2/repository/io/prometheus/simpleclient_tracer_otel/0.16.0/simpleclient_tracer_otel-0.16.0.jar:/Users/jonathanlukas/.m2/repository/io/prometheus/simpleclient_tracer_common/0.16.0/simpleclient_tracer_common-0.16.0.jar:/Users/jonathanlukas/.m2/repository/io/prometheus/simpleclient_tracer_otel_agent/0.16.0/simpleclient_tracer_otel_agent-0.16.0.jar:/Users/jonathanlukas/.m2/repository/org/apache/commons/commons-text/1.10.0/commons-text-1.10.0.jar:/Users/jonathanlukas/.m2/repository/org/apache/commons/commons-lang3/3.12.0/commons-lang3-3.12.0.jar:/Users/jonathanlukas/.m2/repository/com/cronutils/cron-utils/9.2.1/cron-utils-9.2.1.jar:/Users/jonathanlukas/.m2/repository/com/google/guava/guava/32.1.2-jre/guava-32.1.2-jre.jar:/Users/jonathanlukas/.m2/repository/com/google/guava/failureaccess/1.0.1/failureaccess-1.0.1.jar:/Users/jonathanlukas/.m2/repository/com/google/guava/listenablefuture/9999.0-empty-to-avoid-conflict-with-guava/listenablefuture-9999.0-empty-to-avoid-conflict-with-guava.jar:/Users/jonathanlukas/.m2/repository/org/checkerframework/checker-qual/3.33.0/checker-qual-3.33.0.jar:/Users/jonathanlukas/.m2/repository/com/google/j2objc/j2objc-annotations/2.8/j2objc-annotations-2.8.jar:/Users/jonathanlukas/.m2/repository/org/camunda/feel/feel-engine/1.17.0/feel-engine-1.17.0.jar:/Users/jonathanlukas/.m2/repository/com/lihaoyi/fastparse_2.13/3.0.2/fastparse_2.13-3.0.2.jar:/Users/jonathanlukas/.m2/repository/com/lihaoyi/sourcecode_2.13/0.3.0/sourcecode_2.13-0.3.0.jar:/Users/jonathanlukas/.m2/repository/com/lihaoyi/geny_2.13/1.0.0/geny_2.13-1.0.0.jar:/Users/jonathanlukas/.m2/repository/io/camunda/zeebe-util/8.3.0/zeebe-util-8.3.0.jar:/Users/jonathanlukas/.m2/repository/org/apache/logging/log4j/log4j-core/2.20.0/log4j-core-2.20.0.jar:/Users/jonathanlukas/.m2/repository/io/camunda/zeebe-logstreams/8.3.0/zeebe-logstreams-8.3.0.jar:/Users/jonathanlukas/.m2/repository/com/netflix/concurrency-limits/concurrency-limits-core/0.4.0/concurrency-limits-core-0.4.0.jar:/Users/jonathanlukas/.m2/repository/io/camunda/zeebe-msgpack-value/8.3.0/zeebe-msgpack-value-8.3.0.jar:/Users/jonathanlukas/.m2/repository/io/camunda/zeebe-protocol/8.3.0/zeebe-protocol-8.3.0.jar:/Users/jonathanlukas/.m2/repository/io/camunda/zeebe-protocol-impl/8.3.0/zeebe-protocol-impl-8.3.0.jar:/Users/jonathanlukas/.m2/repository/org/msgpack/jackson-dataformat-msgpack/0.9.6/jackson-dataformat-msgpack-0.9.6.jar:/Users/jonathanlukas/.m2/repository/org/msgpack/msgpack-core/0.9.6/msgpack-core-0.9.6.jar:/Users/jonathanlukas/.m2/repository/io/camunda/zeebe-db/8.3.0/zeebe-db-8.3.0.jar:/Users/jonathanlukas/.m2/repository/org/rocksdb/rocksdbjni/8.5.3/rocksdbjni-8.5.3.jar:/Users/jonathanlukas/.m2/repository/com/google/api/grpc/proto-google-common-protos/2.25.1/proto-google-common-protos-2.25.1.jar:/Users/jonathanlukas/.m2/repository/org/agrona/agrona/1.19.2/agrona-1.19.2.jar:/Users/jonathanlukas/.m2/repository/com/google/protobuf/protobuf-java/3.24.3/protobuf-java-3.24.3.jar:/Users/jonathanlukas/.m2/repository/io/grpc/grpc-protobuf/1.58.0/grpc-protobuf-1.58.0.jar:/Users/jonathanlukas/.m2/repository/com/google/code/findbugs/jsr305/3.0.2/jsr305-3.0.2.jar:/Users/jonathanlukas/.m2/repository/io/grpc/grpc-protobuf-lite/1.58.0/grpc-protobuf-lite-1.58.0.jar:/Users/jonathanlukas/.m2/repository/io/grpc/grpc-api/1.58.0/grpc-api-1.58.0.jar:/Users/jonathanlukas/.m2/repository/com/google/errorprone/error_prone_annotations/2.20.0/error_prone_annotations-2.20.0.jar:/Users/jonathanlukas/.m2/repository/io/camunda/zeebe-gateway-protocol-impl/8.3.0/zeebe-gateway-protocol-impl-8.3.0.jar:/Users/jonathanlukas/.m2/repository/io/grpc/grpc-stub/1.58.0/grpc-stub-1.58.0.jar:/Users/jonathanlukas/.m2/repository/io/camunda/zeebe-process-test-assertions/8.3.0/zeebe-process-test-assertions-8.3.0.jar:/Users/jonathanlukas/.m2/repository/org/camunda/bpm/model/camunda-xml-model/7.19.0/camunda-xml-model-7.19.0.jar:/Users/jonathanlukas/.m2/repository/io/camunda/zeebe-bpmn-model/8.3.0/zeebe-bpmn-model-8.3.0.jar:/Users/jonathanlukas/.m2/repository/io/camunda/zeebe-client-java/8.3.0/zeebe-client-java-8.3.0.jar:/Users/jonathanlukas/.m2/repository/io/grpc/grpc-core/1.58.0/grpc-core-1.58.0.jar:/Users/jonathanlukas/.m2/repository/com/google/code/gson/gson/2.10.1/gson-2.10.1.jar:/Users/jonathanlukas/.m2/repository/com/google/android/annotations/4.1.1.4/annotations-4.1.1.4.jar:/Users/jonathanlukas/.m2/repository/org/codehaus/mojo/animal-sniffer-annotations/1.23/animal-sniffer-annotations-1.23.jar:/Users/jonathanlukas/.m2/repository/io/perfmark/perfmark-api/0.26.0/perfmark-api-0.26.0.jar:/Users/jonathanlukas/.m2/repository/io/grpc/grpc-context/1.58.0/grpc-context-1.58.0.jar:/Users/jonathanlukas/.m2/repository/io/grpc/grpc-netty/1.58.0/grpc-netty-1.58.0.jar:/Users/jonathanlukas/.m2/repository/io/netty/netty-codec-http2/4.1.100.Final/netty-codec-http2-4.1.100.Final.jar:/Users/jonathanlukas/.m2/repository/io/netty/netty-codec-http/4.1.100.Final/netty-codec-http-4.1.100.Final.jar:/Users/jonathanlukas/.m2/repository/io/netty/netty-handler-proxy/4.1.100.Final/netty-handler-proxy-4.1.100.Final.jar:/Users/jonathanlukas/.m2/repository/io/netty/netty-codec-socks/4.1.100.Final/netty-codec-socks-4.1.100.Final.jar:/Users/jonathanlukas/.m2/repository/io/netty/netty-transport-native-unix-common/4.1.100.Final/netty-transport-native-unix-common-4.1.100.Final.jar:/Users/jonathanlukas/.m2/repository/io/grpc/grpc-util/1.58.0/grpc-util-1.58.0.jar:/Users/jonathanlukas/.m2/repository/io/netty/netty-tcnative-boringssl-static/2.0.61.Final/netty-tcnative-boringssl-static-2.0.61.Final.jar:/Users/jonathanlukas/.m2/repository/io/netty/netty-tcnative-classes/2.0.61.Final/netty-tcnative-classes-2.0.61.Final.jar:/Users/jonathanlukas/.m2/repository/io/netty/netty-tcnative-boringssl-static/2.0.61.Final/netty-tcnative-boringssl-static-2.0.61.Final-linux-x86_64.jar:/Users/jonathanlukas/.m2/repository/io/netty/netty-tcnative-boringssl-static/2.0.61.Final/netty-tcnative-boringssl-static-2.0.61.Final-linux-aarch_64.jar:/Users/jonathanlukas/.m2/repository/io/netty/netty-tcnative-boringssl-static/2.0.61.Final/netty-tcnative-boringssl-static-2.0.61.Final-osx-x86_64.jar:/Users/jonathanlukas/.m2/repository/io/netty/netty-tcnative-boringssl-static/2.0.61.Final/netty-tcnative-boringssl-static-2.0.61.Final-osx-aarch_64.jar:/Users/jonathanlukas/.m2/repository/io/netty/netty-tcnative-boringssl-static/2.0.61.Final/netty-tcnative-boringssl-static-2.0.61.Final-windows-x86_64.jar:/Users/jonathanlukas/.m2/repository/io/netty/netty-handler/4.1.100.Final/netty-handler-4.1.100.Final.jar:/Users/jonathanlukas/.m2/repository/io/netty/netty-resolver/4.1.100.Final/netty-resolver-4.1.100.Final.jar:/Users/jonathanlukas/.m2/repository/io/netty/netty-buffer/4.1.100.Final/netty-buffer-4.1.100.Final.jar:/Users/jonathanlukas/.m2/repository/io/netty/netty-transport/4.1.100.Final/netty-transport-4.1.100.Final.jar:/Users/jonathanlukas/.m2/repository/io/netty/netty-codec/4.1.100.Final/netty-codec-4.1.100.Final.jar:/Users/jonathanlukas/.m2/repository/io/netty/netty-common/4.1.100.Final/netty-common-4.1.100.Final.jar:/Users/jonathanlukas/.m2/repository/com/fasterxml/jackson/dataformat/jackson-dataformat-yaml/2.15.3/jackson-dataformat-yaml-2.15.3.jar:/Users/jonathanlukas/.m2/repository/io/camunda/zeebe-process-test-filters/8.3.0/zeebe-process-test-filters-8.3.0.jar:/Users/jonathanlukas/.m2/repository/io/camunda/zeebe-process-test-api/8.3.0/zeebe-process-test-api-8.3.0.jar:/Users/jonathanlukas/.m2/repository/io/camunda/connector/spring-boot-starter-camunda-connectors/8.3.0/spring-boot-starter-camunda-connectors-8.3.0.jar:/Users/jonathanlukas/.m2/repository/io/camunda/connector/connector-runtime-spring/8.3.0/connector-runtime-spring-8.3.0.jar:/Users/jonathanlukas/.m2/repository/io/camunda/spring/spring-client-zeebe/8.3.0-rc3/spring-client-zeebe-8.3.0-rc3.jar:/Users/jonathanlukas/.m2/repository/io/camunda/spring/spring-client-common/8.3.0-rc3/spring-client-common-8.3.0-rc3.jar:/Users/jonathanlukas/.m2/repository/io/camunda/spring/spring-client-annotations/8.3.0-rc3/spring-client-annotations-8.3.0-rc3.jar:/Users/jonathanlukas/.m2/repository/commons-beanutils/commons-beanutils/1.9.4/commons-beanutils-1.9.4.jar:/Users/jonathanlukas/.m2/repository/commons-logging/commons-logging/1.2/commons-logging-1.2.jar:/Users/jonathanlukas/.m2/repository/commons-collections/commons-collections/3.2.2/commons-collections-3.2.2.jar:/Users/jonathanlukas/.m2/repository/io/camunda/connector/connector-runtime-core/8.3.0/connector-runtime-core-8.3.0.jar:/Users/jonathanlukas/.m2/repository/io/camunda/connector/jackson-datatype-feel/8.3.0/jackson-datatype-feel-8.3.0.jar:/Users/jonathanlukas/.m2/repository/com/fasterxml/jackson/module/jackson-module-scala_3/2.15.3/jackson-module-scala_3-2.15.3.jar:/Users/jonathanlukas/.m2/repository/org/scala-lang/scala3-library_3/3.2.2/scala3-library_3-3.2.2.jar:/Users/jonathanlukas/.m2/repository/com/thoughtworks/paranamer/paranamer/2.8/paranamer-2.8.jar:/Users/jonathanlukas/.m2/repository/io/camunda/connector/connector-validation/8.3.0/connector-validation-8.3.0.jar:/Users/jonathanlukas/.m2/repository/org/hibernate/validator/hibernate-validator/8.0.1.Final/hibernate-validator-8.0.1.Final.jar:/Users/jonathanlukas/.m2/repository/jakarta/validation/jakarta.validation-api/3.0.2/jakarta.validation-api-3.0.2.jar:/Users/jonathanlukas/.m2/repository/org/jboss/logging/jboss-logging/3.5.3.Final/jboss-logging-3.5.3.Final.jar:/Users/jonathanlukas/.m2/repository/com/fasterxml/classmate/1.5.1/classmate-1.5.1.jar:/Users/jonathanlukas/.m2/repository/io/camunda/spring/spring-boot-starter-camunda/8.3.0-rc3/spring-boot-starter-camunda-8.3.0-rc3.jar:/Users/jonathanlukas/.m2/repository/org/springframework/boot/spring-boot-starter-json/3.1.5/spring-boot-starter-json-3.1.5.jar:/Users/jonathanlukas/.m2/repository/com/fasterxml/jackson/datatype/jackson-datatype-jdk8/2.15.3/jackson-datatype-jdk8-2.15.3.jar:/Users/jonathanlukas/.m2/repository/com/fasterxml/jackson/datatype/jackson-datatype-jsr310/2.15.3/jackson-datatype-jsr310-2.15.3.jar:/Users/jonathanlukas/.m2/repository/com/fasterxml/jackson/module/jackson-module-parameter-names/2.15.3/jackson-module-parameter-names-2.15.3.jar:/Users/jonathanlukas/.m2/repository/io/github/resilience4j/resilience4j-retry/2.1.0/resilience4j-retry-2.1.0.jar:/Users/jonathanlukas/.m2/repository/io/github/resilience4j/resilience4j-core/2.1.0/resilience4j-core-2.1.0.jar:/Users/jonathanlukas/.m2/repository/io/camunda/camunda-operate-client-java/8.3.0/camunda-operate-client-java-8.3.0.jar:/Users/jonathanlukas/.m2/repository/org/apache/httpcomponents/client5/httpclient5/5.2.1/httpclient5-5.2.1.jar:/Users/jonathanlukas/.m2/repository/org/apache/httpcomponents/core5/httpcore5/5.2.3/httpcore5-5.2.3.jar:/Users/jonathanlukas/.m2/repository/org/apache/httpcomponents/core5/httpcore5-h2/5.2.3/httpcore5-h2-5.2.3.jar:/Users/jonathanlukas/.m2/repository/org/apache/httpcomponents/client5/httpclient5-fluent/5.2.1/httpclient5-fluent-5.2.1.jar:/Users/jonathanlukas/.m2/repository/org/springframework/boot/spring-boot-starter-web/3.1.5/spring-boot-starter-web-3.1.5.jar:/Users/jonathanlukas/.m2/repository/org/springframework/boot/spring-boot-starter-tomcat/3.1.5/spring-boot-starter-tomcat-3.1.5.jar:/Users/jonathanlukas/.m2/repository/org/apache/tomcat/embed/tomcat-embed-core/10.1.15/tomcat-embed-core-10.1.15.jar:/Users/jonathanlukas/.m2/repository/org/apache/tomcat/embed/tomcat-embed-el/10.1.15/tomcat-embed-el-10.1.15.jar:/Users/jonathanlukas/.m2/repository/org/apache/tomcat/embed/tomcat-embed-websocket/10.1.15/tomcat-embed-websocket-10.1.15.jar:/Users/jonathanlukas/.m2/repository/org/springframework/spring-web/6.0.13/spring-web-6.0.13.jar:/Users/jonathanlukas/.m2/repository/org/springframework/spring-beans/6.0.13/spring-beans-6.0.13.jar:/Users/jonathanlukas/.m2/repository/org/springframework/spring-webmvc/6.0.13/spring-webmvc-6.0.13.jar:/Users/jonathanlukas/.m2/repository/org/springframework/spring-aop/6.0.13/spring-aop-6.0.13.jar:/Users/jonathanlukas/.m2/repository/org/springframework/spring-expression/6.0.13/spring-expression-6.0.13.jar:/Users/jonathanlukas/.m2/repository/org/springframework/boot/spring-boot-starter-actuator/3.1.5/spring-boot-starter-actuator-3.1.5.jar:/Users/jonathanlukas/.m2/repository/org/springframework/boot/spring-boot-actuator-autoconfigure/3.1.5/spring-boot-actuator-autoconfigure-3.1.5.jar:/Users/jonathanlukas/.m2/repository/org/springframework/boot/spring-boot-actuator/3.1.5/spring-boot-actuator-3.1.5.jar:/Users/jonathanlukas/.m2/repository/io/micrometer/micrometer-observation/1.11.5/micrometer-observation-1.11.5.jar:/Users/jonathanlukas/.m2/repository/io/micrometer/micrometer-commons/1.11.5/micrometer-commons-1.11.5.jar:/Users/jonathanlukas/.m2/repository/io/micrometer/micrometer-core/1.11.5/micrometer-core-1.11.5.jar:/Users/jonathanlukas/.m2/repository/org/hdrhistogram/HdrHistogram/2.1.12/HdrHistogram-2.1.12.jar:/Users/jonathanlukas/.m2/repository/org/latencyutils/LatencyUtils/2.0.3/LatencyUtils-2.0.3.jar:"/>
    <property name="sun.cpu.endian" value="little"/>
    <property name="user.home" value="/Users/jonathanlukas"/>
    <property name="user.language" value="en"/>
    <property name="java.specification.vendor" value="Oracle Corporation"/>
    <property name="java.version.date" value="2023-10-17"/>
    <property name="java.home" value="/Library/Java/JavaVirtualMachines/temurin-21.jdk/Contents/Home"/>
    <property name="idea.plugins.compatible.build" value="999.SNAPSHOT"/>
    <property name="file.separator" value="/"/>
    <property name="basedir" value="/Users/jonathanlukas/git/camunda/zeebe-script-worker/connector"/>
    <property name="java.vm.compressedOopsMode" value="Zero based"/>
    <property name="line.separator" value="&#10;"/>
    <property name="java.vm.specification.vendor" value="Oracle Corporation"/>
    <property name="java.specification.name" value="Java Platform API Specification"/>
    <property name="apple.awt.application.name" value="ForkedBooter"/>
    <property name="surefire.real.class.path" value="/Users/jonathanlukas/git/camunda/zeebe-script-worker/connector/target/surefire/surefirebooter-20231027095719362_3.jar"/>
    <property name="sun.management.compiler" value="HotSpot 64-Bit Tiered Compilers"/>
    <property name="ftp.nonProxyHosts" value="local|*.local|169.254/16|*.169.254/16"/>
    <property name="java.runtime.version" value="21.0.1+12-LTS"/>
    <property name="user.name" value="jonathanlukas"/>
    <property name="stdout.encoding" value="UTF-8"/>
    <property name="path.separator" value=":"/>
    <property name="os.version" value="13.6.1"/>
    <property name="java.runtime.name" value="OpenJDK Runtime Environment"/>
    <property name="file.encoding" value="UTF-8"/>
    <property name="project.structure.add.tools.jar.to.new.jdk" value="false"/>
    <property name="psi.incremental.reparse.depth.limit" value="1000"/>
    <property name="java.vm.name" value="OpenJDK 64-Bit Server VM"/>
    <property name="java.vendor.version" value="Temurin-21.0.1+12"/>
    <property name="localRepository" value="/Users/jonathanlukas/.m2/repository"/>
    <property name="java.vendor.url.bug" value="https://github.com/adoptium/adoptium-support/issues"/>
    <property name="java.io.tmpdir" value="/var/folders/cc/thvqmj0n4x9_9gz0w05hh2q40000gn/T/"/>
    <property name="java.version" value="21.0.1"/>
    <property name="user.dir" value="/Users/jonathanlukas/git/camunda/zeebe-script-worker/connector"/>
    <property name="ide.hide.excluded.files" value="false"/>
    <property name="os.arch" value="x86_64"/>
    <property name="java.vm.specification.name" value="Java Virtual Machine Specification"/>
    <property name="native.encoding" value="UTF-8"/>
    <property name="java.library.path" value="/Users/jonathanlukas/Library/Java/Extensions:/Library/Java/Extensions:/Network/Library/Java/Extensions:/System/Library/Java/Extensions:/usr/lib/java:."/>
    <property name="java.vm.info" value="mixed mode"/>
    <property name="stderr.encoding" value="UTF-8"/>
    <property name="java.vendor" value="Eclipse Adoptium"/>
    <property name="java.vm.version" value="21.0.1+12-LTS"/>
    <property name="sun.io.unicode.encoding" value="UnicodeBig"/>
    <property name="socksNonProxyHosts" value="local|*.local|169.254/16|*.169.254/16"/>
    <property name="java.class.version" value="65.0"/>
    <property name="ast.loading.filter" value="false"/>
  </properties>
  <testcase name="shouldReturnNumber" classname="io.camunda.community.connector.script.EvaluationJavaScriptTest" time="0.025">
    <system-err><![CDATA[[To redirect Truffle log output to a file use one of the following options:
* '--log.file=<path>' if the option is passed using a guest language launcher.
* '-Dpolyglot.log.file=<path>' if the option is passed using the host Java launcher.
* Configure logging using the polyglot embedding API.]
[engine] WARNING: The polyglot context is using an implementation that does not support runtime compilation.
The guest application code will therefore be executed in interpreted mode only.
Execution only in interpreted mode will strongly impact the guest application performance.
For more information on using GraalVM see https://www.graalvm.org/java/quickstart/.
To disable this warning the '--engine.WarnInterpreterOnly=false' option or use the '-Dpolyglot.engine.WarnInterpreterOnly=false' system property.
]]></system-err>
  </testcase>
  <testcase name="shouldReturnObject" classname="io.camunda.community.connector.script.EvaluationJavaScriptTest" time="0.044">
    <system-err><![CDATA[[To redirect Truffle log output to a file use one of the following options:
* '--log.file=<path>' if the option is passed using a guest language launcher.
* '-Dpolyglot.log.file=<path>' if the option is passed using the host Java launcher.
* Configure logging using the polyglot embedding API.]
[engine] WARNING: The polyglot context is using an implementation that does not support runtime compilation.
The guest application code will therefore be executed in interpreted mode only.
Execution only in interpreted mode will strongly impact the guest application performance.
For more information on using GraalVM see https://www.graalvm.org/java/quickstart/.
To disable this warning the '--engine.WarnInterpreterOnly=false' option or use the '-Dpolyglot.engine.WarnInterpreterOnly=false' system property.
]]></system-err>
  </testcase>
  <testcase name="shouldReturnString" classname="io.camunda.community.connector.script.EvaluationJavaScriptTest" time="0.03">
    <system-err><![CDATA[[To redirect Truffle log output to a file use one of the following options:
* '--log.file=<path>' if the option is passed using a guest language launcher.
* '-Dpolyglot.log.file=<path>' if the option is passed using the host Java launcher.
* Configure logging using the polyglot embedding API.]
[engine] WARNING: The polyglot context is using an implementation that does not support runtime compilation.
The guest application code will therefore be executed in interpreted mode only.
Execution only in interpreted mode will strongly impact the guest application performance.
For more information on using GraalVM see https://www.graalvm.org/java/quickstart/.
To disable this warning the '--engine.WarnInterpreterOnly=false' option or use the '-Dpolyglot.engine.WarnInterpreterOnly=false' system property.
]]></system-err>
  </testcase>
  <testcase name="shouldReturnInlineObject" classname="io.camunda.community.connector.script.EvaluationJavaScriptTest" time="0.024">
    <system-err><![CDATA[[To redirect Truffle log output to a file use one of the following options:
* '--log.file=<path>' if the option is passed using a guest language launcher.
* '-Dpolyglot.log.file=<path>' if the option is passed using the host Java launcher.
* Configure logging using the polyglot embedding API.]
[engine] WARNING: The polyglot context is using an implementation that does not support runtime compilation.
The guest application code will therefore be executed in interpreted mode only.
Execution only in interpreted mode will strongly impact the guest application performance.
For more information on using GraalVM see https://www.graalvm.org/java/quickstart/.
To disable this warning the '--engine.WarnInterpreterOnly=false' option or use the '-Dpolyglot.engine.WarnInterpreterOnly=false' system property.
]]></system-err>
  </testcase>
  <testcase name="shouldReturnArray" classname="io.camunda.community.connector.script.EvaluationJavaScriptTest" time="0.022">
    <system-err><![CDATA[[To redirect Truffle log output to a file use one of the following options:
* '--log.file=<path>' if the option is passed using a guest language launcher.
* '-Dpolyglot.log.file=<path>' if the option is passed using the host Java launcher.
* Configure logging using the polyglot embedding API.]
[engine] WARNING: The polyglot context is using an implementation that does not support runtime compilation.
The guest application code will therefore be executed in interpreted mode only.
Execution only in interpreted mode will strongly impact the guest application performance.
For more information on using GraalVM see https://www.graalvm.org/java/quickstart/.
To disable this warning the '--engine.WarnInterpreterOnly=false' option or use the '-Dpolyglot.engine.WarnInterpreterOnly=false' system property.
]]></system-err>
  </testcase>
</testsuite>